{"C:\\Users\\Rene\\Documents\\GitHub\\nonprofit-volunteering-app\\backend\\app.js": {"path":"C:\\Users\\Rene\\Documents\\GitHub\\nonprofit-volunteering-app\\backend\\app.js","statementMap":{"0":{"start":{"line":1,"column":16},"end":{"line":1,"column":34}},"1":{"start":{"line":2,"column":19},"end":{"line":2,"column":41}},"2":{"start":{"line":3,"column":13},"end":{"line":3,"column":28}},"3":{"start":{"line":4,"column":12},"end":{"line":4,"column":21}},"4":{"start":{"line":6,"column":0},"end":{"line":6,"column":16}},"5":{"start":{"line":7,"column":0},"end":{"line":7,"column":52}},"6":{"start":{"line":8,"column":0},"end":{"line":8,"column":24}},"7":{"start":{"line":9,"column":0},"end":{"line":9,"column":27}},"8":{"start":{"line":11,"column":0},"end":{"line":13,"column":3}},"9":{"start":{"line":12,"column":4},"end":{"line":12,"column":36}},"10":{"start":{"line":16,"column":20},"end":{"line":16,"column":51}},"11":{"start":{"line":17,"column":21},"end":{"line":17,"column":53}},"12":{"start":{"line":18,"column":22},"end":{"line":18,"column":55}},"13":{"start":{"line":19,"column":19},"end":{"line":19,"column":49}},"14":{"start":{"line":20,"column":20},"end":{"line":20,"column":51}},"15":{"start":{"line":21,"column":20},"end":{"line":21,"column":51}},"16":{"start":{"line":22,"column":22},"end":{"line":22,"column":55}},"17":{"start":{"line":23,"column":23},"end":{"line":23,"column":57}},"18":{"start":{"line":26,"column":0},"end":{"line":26,"column":32}},"19":{"start":{"line":27,"column":0},"end":{"line":27,"column":40}},"20":{"start":{"line":28,"column":0},"end":{"line":28,"column":35}},"21":{"start":{"line":29,"column":0},"end":{"line":29,"column":29}},"22":{"start":{"line":30,"column":0},"end":{"line":30,"column":31}},"23":{"start":{"line":31,"column":0},"end":{"line":31,"column":31}},"24":{"start":{"line":32,"column":0},"end":{"line":32,"column":35}},"25":{"start":{"line":33,"column":0},"end":{"line":33,"column":37}},"26":{"start":{"line":35,"column":13},"end":{"line":35,"column":17}},"27":{"start":{"line":36,"column":0},"end":{"line":38,"column":3}},"28":{"start":{"line":37,"column":4},"end":{"line":37,"column":53}},"29":{"start":{"line":40,"column":0},"end":{"line":40,"column":21}}},"fnMap":{"0":{"name":"(anonymous_0)","decl":{"start":{"line":11,"column":13},"end":{"line":11,"column":14}},"loc":{"start":{"line":11,"column":27},"end":{"line":13,"column":1}},"line":11},"1":{"name":"(anonymous_1)","decl":{"start":{"line":36,"column":17},"end":{"line":36,"column":18}},"loc":{"start":{"line":36,"column":23},"end":{"line":38,"column":1}},"line":36}},"branchMap":{},"s":{"0":1,"1":1,"2":1,"3":1,"4":1,"5":1,"6":1,"7":1,"8":1,"9":0,"10":1,"11":1,"12":1,"13":1,"14":1,"15":1,"16":1,"17":1,"18":1,"19":1,"20":1,"21":1,"22":1,"23":1,"24":1,"25":1,"26":1,"27":1,"28":0,"29":1},"f":{"0":0,"1":0},"b":{},"_coverageSchema":"1a1c01bbd47fc00a2c39e90264f33305004495a9","hash":"f67157b012e0f924245f5ce7a448491922067313"}
,"C:\\Users\\Rene\\Documents\\GitHub\\nonprofit-volunteering-app\\backend\\connection.js": {"path":"C:\\Users\\Rene\\Documents\\GitHub\\nonprofit-volunteering-app\\backend\\connection.js","statementMap":{"0":{"start":{"line":1,"column":14},"end":{"line":1,"column":30}},"1":{"start":{"line":2,"column":12},"end":{"line":7,"column":2}},"2":{"start":{"line":9,"column":0},"end":{"line":12,"column":3}},"3":{"start":{"line":10,"column":4},"end":{"line":10,"column":23}},"4":{"start":{"line":10,"column":13},"end":{"line":10,"column":23}},"5":{"start":{"line":11,"column":4},"end":{"line":11,"column":30}},"6":{"start":{"line":14,"column":0},"end":{"line":14,"column":21}}},"fnMap":{"0":{"name":"(anonymous_0)","decl":{"start":{"line":9,"column":12},"end":{"line":9,"column":13}},"loc":{"start":{"line":9,"column":27},"end":{"line":12,"column":1}},"line":9}},"branchMap":{"0":{"loc":{"start":{"line":10,"column":4},"end":{"line":10,"column":23}},"type":"if","locations":[{"start":{"line":10,"column":4},"end":{"line":10,"column":23}},{"start":{},"end":{}}],"line":10}},"s":{"0":1,"1":1,"2":1,"3":1,"4":0,"5":1,"6":1},"f":{"0":1},"b":{"0":[0,1]},"_coverageSchema":"1a1c01bbd47fc00a2c39e90264f33305004495a9","hash":"6d20327732426ed05881c4be0c7f715c4b14397d"}
,"C:\\Users\\Rene\\Documents\\GitHub\\nonprofit-volunteering-app\\backend\\database\\db.js": {"path":"C:\\Users\\Rene\\Documents\\GitHub\\nonprofit-volunteering-app\\backend\\database\\db.js","statementMap":{"0":{"start":{"line":1,"column":12},"end":{"line":1,"column":36}},"1":{"start":{"line":3,"column":29},"end":{"line":15,"column":1}},"2":{"start":{"line":4,"column":4},"end":{"line":14,"column":7}},"3":{"start":{"line":5,"column":20},"end":{"line":5,"column":69}},"4":{"start":{"line":6,"column":8},"end":{"line":13,"column":11}},"5":{"start":{"line":7,"column":12},"end":{"line":7,"column":40}},"6":{"start":{"line":7,"column":21},"end":{"line":7,"column":40}},"7":{"start":{"line":8,"column":12},"end":{"line":12,"column":13}},"8":{"start":{"line":9,"column":16},"end":{"line":9,"column":44}},"9":{"start":{"line":11,"column":16},"end":{"line":11,"column":56}},"10":{"start":{"line":16,"column":33},"end":{"line":24,"column":1}},"11":{"start":{"line":17,"column":4},"end":{"line":23,"column":7}},"12":{"start":{"line":18,"column":20},"end":{"line":18,"column":69}},"13":{"start":{"line":19,"column":8},"end":{"line":22,"column":11}},"14":{"start":{"line":20,"column":12},"end":{"line":20,"column":40}},"15":{"start":{"line":20,"column":21},"end":{"line":20,"column":40}},"16":{"start":{"line":21,"column":12},"end":{"line":21,"column":39}},"17":{"start":{"line":25,"column":22},"end":{"line":65,"column":1}},"18":{"start":{"line":26,"column":4},"end":{"line":64,"column":5}},"19":{"start":{"line":27,"column":24},"end":{"line":27,"column":72}},"20":{"start":{"line":30,"column":30},"end":{"line":30,"column":69}},"21":{"start":{"line":31,"column":8},"end":{"line":33,"column":9}},"22":{"start":{"line":32,"column":12},"end":{"line":32,"column":75}},"23":{"start":{"line":35,"column":8},"end":{"line":61,"column":11}},"24":{"start":{"line":36,"column":106},"end":{"line":36,"column":117}},"25":{"start":{"line":37,"column":24},"end":{"line":38,"column":63}},"26":{"start":{"line":40,"column":12},"end":{"line":60,"column":14}},"27":{"start":{"line":55,"column":20},"end":{"line":57,"column":21}},"28":{"start":{"line":56,"column":24},"end":{"line":56,"column":43}},"29":{"start":{"line":58,"column":20},"end":{"line":58,"column":45}},"30":{"start":{"line":63,"column":8},"end":{"line":63,"column":18}},"31":{"start":{"line":67,"column":23},"end":{"line":77,"column":1}},"32":{"start":{"line":68,"column":4},"end":{"line":76,"column":7}},"33":{"start":{"line":69,"column":20},"end":{"line":69,"column":45}},"34":{"start":{"line":70,"column":8},"end":{"line":75,"column":11}},"35":{"start":{"line":71,"column":12},"end":{"line":73,"column":13}},"36":{"start":{"line":72,"column":16},"end":{"line":72,"column":35}},"37":{"start":{"line":74,"column":12},"end":{"line":74,"column":29}},"38":{"start":{"line":80,"column":23},"end":{"line":90,"column":1}},"39":{"start":{"line":81,"column":4},"end":{"line":89,"column":7}},"40":{"start":{"line":82,"column":20},"end":{"line":82,"column":62}},"41":{"start":{"line":83,"column":8},"end":{"line":88,"column":11}},"42":{"start":{"line":84,"column":12},"end":{"line":86,"column":13}},"43":{"start":{"line":85,"column":16},"end":{"line":85,"column":35}},"44":{"start":{"line":87,"column":12},"end":{"line":87,"column":31}},"45":{"start":{"line":93,"column":22},"end":{"line":123,"column":1}},"46":{"start":{"line":94,"column":4},"end":{"line":122,"column":7}},"47":{"start":{"line":95,"column":102},"end":{"line":95,"column":113}},"48":{"start":{"line":97,"column":20},"end":{"line":99,"column":38}},"49":{"start":{"line":101,"column":8},"end":{"line":121,"column":10}},"50":{"start":{"line":116,"column":16},"end":{"line":118,"column":17}},"51":{"start":{"line":117,"column":20},"end":{"line":117,"column":39}},"52":{"start":{"line":119,"column":16},"end":{"line":119,"column":32}},"53":{"start":{"line":126,"column":22},"end":{"line":136,"column":1}},"54":{"start":{"line":127,"column":4},"end":{"line":135,"column":7}},"55":{"start":{"line":128,"column":20},"end":{"line":128,"column":60}},"56":{"start":{"line":129,"column":8},"end":{"line":134,"column":11}},"57":{"start":{"line":130,"column":12},"end":{"line":132,"column":13}},"58":{"start":{"line":131,"column":16},"end":{"line":131,"column":35}},"59":{"start":{"line":133,"column":12},"end":{"line":133,"column":28}},"60":{"start":{"line":138,"column":0},"end":{"line":145,"column":2}}},"fnMap":{"0":{"name":"(anonymous_0)","decl":{"start":{"line":3,"column":29},"end":{"line":3,"column":30}},"loc":{"start":{"line":3,"column":43},"end":{"line":15,"column":1}},"line":3},"1":{"name":"(anonymous_1)","decl":{"start":{"line":4,"column":23},"end":{"line":4,"column":24}},"loc":{"start":{"line":4,"column":44},"end":{"line":14,"column":5}},"line":4},"2":{"name":"(anonymous_2)","decl":{"start":{"line":6,"column":35},"end":{"line":6,"column":36}},"loc":{"start":{"line":6,"column":52},"end":{"line":13,"column":9}},"line":6},"3":{"name":"(anonymous_3)","decl":{"start":{"line":16,"column":33},"end":{"line":16,"column":34}},"loc":{"start":{"line":16,"column":46},"end":{"line":24,"column":1}},"line":16},"4":{"name":"(anonymous_4)","decl":{"start":{"line":17,"column":23},"end":{"line":17,"column":24}},"loc":{"start":{"line":17,"column":44},"end":{"line":23,"column":5}},"line":17},"5":{"name":"(anonymous_5)","decl":{"start":{"line":19,"column":34},"end":{"line":19,"column":35}},"loc":{"start":{"line":19,"column":51},"end":{"line":22,"column":9}},"line":19},"6":{"name":"(anonymous_6)","decl":{"start":{"line":25,"column":22},"end":{"line":25,"column":23}},"loc":{"start":{"line":25,"column":45},"end":{"line":65,"column":1}},"line":25},"7":{"name":"(anonymous_7)","decl":{"start":{"line":35,"column":27},"end":{"line":35,"column":28}},"loc":{"start":{"line":35,"column":48},"end":{"line":61,"column":9}},"line":35},"8":{"name":"(anonymous_8)","decl":{"start":{"line":54,"column":16},"end":{"line":54,"column":17}},"loc":{"start":{"line":54,"column":33},"end":{"line":59,"column":17}},"line":54},"9":{"name":"(anonymous_9)","decl":{"start":{"line":67,"column":23},"end":{"line":67,"column":24}},"loc":{"start":{"line":67,"column":29},"end":{"line":77,"column":1}},"line":67},"10":{"name":"(anonymous_10)","decl":{"start":{"line":68,"column":23},"end":{"line":68,"column":24}},"loc":{"start":{"line":68,"column":44},"end":{"line":76,"column":5}},"line":68},"11":{"name":"(anonymous_11)","decl":{"start":{"line":70,"column":23},"end":{"line":70,"column":24}},"loc":{"start":{"line":70,"column":41},"end":{"line":75,"column":9}},"line":70},"12":{"name":"(anonymous_12)","decl":{"start":{"line":80,"column":23},"end":{"line":80,"column":24}},"loc":{"start":{"line":80,"column":31},"end":{"line":90,"column":1}},"line":80},"13":{"name":"(anonymous_13)","decl":{"start":{"line":81,"column":23},"end":{"line":81,"column":24}},"loc":{"start":{"line":81,"column":44},"end":{"line":89,"column":5}},"line":81},"14":{"name":"(anonymous_14)","decl":{"start":{"line":83,"column":29},"end":{"line":83,"column":30}},"loc":{"start":{"line":83,"column":46},"end":{"line":88,"column":9}},"line":83},"15":{"name":"(anonymous_15)","decl":{"start":{"line":93,"column":22},"end":{"line":93,"column":23}},"loc":{"start":{"line":93,"column":43},"end":{"line":123,"column":1}},"line":93},"16":{"name":"(anonymous_16)","decl":{"start":{"line":94,"column":23},"end":{"line":94,"column":24}},"loc":{"start":{"line":94,"column":44},"end":{"line":122,"column":5}},"line":94},"17":{"name":"(anonymous_17)","decl":{"start":{"line":115,"column":12},"end":{"line":115,"column":13}},"loc":{"start":{"line":115,"column":29},"end":{"line":120,"column":13}},"line":115},"18":{"name":"(anonymous_18)","decl":{"start":{"line":126,"column":22},"end":{"line":126,"column":23}},"loc":{"start":{"line":126,"column":30},"end":{"line":136,"column":1}},"line":126},"19":{"name":"(anonymous_19)","decl":{"start":{"line":127,"column":23},"end":{"line":127,"column":24}},"loc":{"start":{"line":127,"column":44},"end":{"line":135,"column":5}},"line":127},"20":{"name":"(anonymous_20)","decl":{"start":{"line":129,"column":29},"end":{"line":129,"column":30}},"loc":{"start":{"line":129,"column":46},"end":{"line":134,"column":9}},"line":129}},"branchMap":{"0":{"loc":{"start":{"line":7,"column":12},"end":{"line":7,"column":40}},"type":"if","locations":[{"start":{"line":7,"column":12},"end":{"line":7,"column":40}},{"start":{},"end":{}}],"line":7},"1":{"loc":{"start":{"line":8,"column":12},"end":{"line":12,"column":13}},"type":"if","locations":[{"start":{"line":8,"column":12},"end":{"line":12,"column":13}},{"start":{"line":10,"column":19},"end":{"line":12,"column":13}}],"line":8},"2":{"loc":{"start":{"line":20,"column":12},"end":{"line":20,"column":40}},"type":"if","locations":[{"start":{"line":20,"column":12},"end":{"line":20,"column":40}},{"start":{},"end":{}}],"line":20},"3":{"loc":{"start":{"line":31,"column":8},"end":{"line":33,"column":9}},"type":"if","locations":[{"start":{"line":31,"column":8},"end":{"line":33,"column":9}},{"start":{},"end":{}}],"line":31},"4":{"loc":{"start":{"line":55,"column":20},"end":{"line":57,"column":21}},"type":"if","locations":[{"start":{"line":55,"column":20},"end":{"line":57,"column":21}},{"start":{},"end":{}}],"line":55},"5":{"loc":{"start":{"line":71,"column":12},"end":{"line":73,"column":13}},"type":"if","locations":[{"start":{"line":71,"column":12},"end":{"line":73,"column":13}},{"start":{},"end":{}}],"line":71},"6":{"loc":{"start":{"line":84,"column":12},"end":{"line":86,"column":13}},"type":"if","locations":[{"start":{"line":84,"column":12},"end":{"line":86,"column":13}},{"start":{},"end":{}}],"line":84},"7":{"loc":{"start":{"line":116,"column":16},"end":{"line":118,"column":17}},"type":"if","locations":[{"start":{"line":116,"column":16},"end":{"line":118,"column":17}},{"start":{},"end":{}}],"line":116},"8":{"loc":{"start":{"line":130,"column":12},"end":{"line":132,"column":13}},"type":"if","locations":[{"start":{"line":130,"column":12},"end":{"line":132,"column":13}},{"start":{},"end":{}}],"line":130}},"s":{"0":2,"1":2,"2":2,"3":2,"4":2,"5":2,"6":0,"7":2,"8":2,"9":0,"10":2,"11":2,"12":2,"13":2,"14":2,"15":0,"16":2,"17":2,"18":2,"19":2,"20":2,"21":2,"22":1,"23":1,"24":1,"25":1,"26":1,"27":1,"28":0,"29":1,"30":1,"31":2,"32":2,"33":2,"34":2,"35":2,"36":0,"37":2,"38":2,"39":2,"40":2,"41":2,"42":2,"43":0,"44":2,"45":2,"46":1,"47":1,"48":1,"49":1,"50":1,"51":0,"52":1,"53":2,"54":2,"55":2,"56":2,"57":2,"58":0,"59":2,"60":2},"f":{"0":2,"1":2,"2":2,"3":2,"4":2,"5":2,"6":2,"7":1,"8":1,"9":2,"10":2,"11":2,"12":2,"13":2,"14":2,"15":1,"16":1,"17":1,"18":2,"19":2,"20":2},"b":{"0":[0,2],"1":[2,0],"2":[0,2],"3":[1,1],"4":[0,1],"5":[0,2],"6":[0,2],"7":[0,1],"8":[0,2]},"_coverageSchema":"1a1c01bbd47fc00a2c39e90264f33305004495a9","hash":"98aa2f98f51e6b568a591a6215de091bd83ad6c8"}
,"C:\\Users\\Rene\\Documents\\GitHub\\nonprofit-volunteering-app\\backend\\routes\\LoginRouter.js": {"path":"C:\\Users\\Rene\\Documents\\GitHub\\nonprofit-volunteering-app\\backend\\routes\\LoginRouter.js","statementMap":{"0":{"start":{"line":1,"column":16},"end":{"line":1,"column":34}},"1":{"start":{"line":2,"column":15},"end":{"line":2,"column":31}},"2":{"start":{"line":5,"column":14},"end":{"line":8,"column":1}},"3":{"start":{"line":11,"column":0},"end":{"line":30,"column":3}},"4":{"start":{"line":12,"column":35},"end":{"line":12,"column":43}},"5":{"start":{"line":15,"column":4},"end":{"line":17,"column":5}},"6":{"start":{"line":16,"column":8},"end":{"line":16,"column":76}},"7":{"start":{"line":20,"column":17},"end":{"line":22,"column":5}},"8":{"start":{"line":21,"column":15},"end":{"line":21,"column":65}},"9":{"start":{"line":24,"column":4},"end":{"line":26,"column":5}},"10":{"start":{"line":25,"column":8},"end":{"line":25,"column":72}},"11":{"start":{"line":29,"column":4},"end":{"line":29,"column":58}},"12":{"start":{"line":32,"column":0},"end":{"line":32,"column":24}}},"fnMap":{"0":{"name":"(anonymous_0)","decl":{"start":{"line":11,"column":17},"end":{"line":11,"column":18}},"loc":{"start":{"line":11,"column":31},"end":{"line":30,"column":1}},"line":11},"1":{"name":"(anonymous_1)","decl":{"start":{"line":21,"column":8},"end":{"line":21,"column":9}},"loc":{"start":{"line":21,"column":15},"end":{"line":21,"column":65}},"line":21}},"branchMap":{"0":{"loc":{"start":{"line":15,"column":4},"end":{"line":17,"column":5}},"type":"if","locations":[{"start":{"line":15,"column":4},"end":{"line":17,"column":5}},{"start":{},"end":{}}],"line":15},"1":{"loc":{"start":{"line":15,"column":8},"end":{"line":15,"column":30}},"type":"binary-expr","locations":[{"start":{"line":15,"column":8},"end":{"line":15,"column":17}},{"start":{"line":15,"column":21},"end":{"line":15,"column":30}}],"line":15},"2":{"loc":{"start":{"line":21,"column":15},"end":{"line":21,"column":65}},"type":"binary-expr","locations":[{"start":{"line":21,"column":15},"end":{"line":21,"column":38}},{"start":{"line":21,"column":42},"end":{"line":21,"column":65}}],"line":21},"3":{"loc":{"start":{"line":24,"column":4},"end":{"line":26,"column":5}},"type":"if","locations":[{"start":{"line":24,"column":4},"end":{"line":26,"column":5}},{"start":{},"end":{}}],"line":24}},"s":{"0":2,"1":2,"2":2,"3":2,"4":3,"5":3,"6":1,"7":2,"8":3,"9":2,"10":1,"11":1,"12":2},"f":{"0":3,"1":3},"b":{"0":[1,2],"1":[3,3],"2":[3,2],"3":[1,1]},"_coverageSchema":"1a1c01bbd47fc00a2c39e90264f33305004495a9","hash":"1429df35d089de874c25e79df456756008b32895"}
,"C:\\Users\\Rene\\Documents\\GitHub\\nonprofit-volunteering-app\\backend\\routes\\ProfileRouter.js": {"path":"C:\\Users\\Rene\\Documents\\GitHub\\nonprofit-volunteering-app\\backend\\routes\\ProfileRouter.js","statementMap":{"0":{"start":{"line":1,"column":16},"end":{"line":1,"column":34}},"1":{"start":{"line":2,"column":15},"end":{"line":2,"column":31}},"2":{"start":{"line":3,"column":11},"end":{"line":3,"column":36}},"3":{"start":{"line":6,"column":24},"end":{"line":57,"column":1}},"4":{"start":{"line":7,"column":17},"end":{"line":7,"column":19}},"5":{"start":{"line":9,"column":4},"end":{"line":11,"column":7}},"6":{"start":{"line":10,"column":8},"end":{"line":10,"column":45}},"7":{"start":{"line":12,"column":6},"end":{"line":14,"column":7}},"8":{"start":{"line":13,"column":8},"end":{"line":13,"column":82}},"9":{"start":{"line":17,"column":4},"end":{"line":19,"column":5}},"10":{"start":{"line":18,"column":8},"end":{"line":18,"column":82}},"11":{"start":{"line":22,"column":4},"end":{"line":24,"column":5}},"12":{"start":{"line":23,"column":8},"end":{"line":23,"column":83}},"13":{"start":{"line":27,"column":4},"end":{"line":29,"column":5}},"14":{"start":{"line":28,"column":8},"end":{"line":28,"column":79}},"15":{"start":{"line":32,"column":4},"end":{"line":34,"column":5}},"16":{"start":{"line":33,"column":8},"end":{"line":33,"column":77}},"17":{"start":{"line":37,"column":4},"end":{"line":39,"column":5}},"18":{"start":{"line":38,"column":8},"end":{"line":38,"column":75}},"19":{"start":{"line":42,"column":4},"end":{"line":44,"column":5}},"20":{"start":{"line":43,"column":8},"end":{"line":43,"column":68}},"21":{"start":{"line":47,"column":4},"end":{"line":49,"column":5}},"22":{"start":{"line":48,"column":8},"end":{"line":48,"column":55}},"23":{"start":{"line":52,"column":4},"end":{"line":54,"column":5}},"24":{"start":{"line":53,"column":8},"end":{"line":53,"column":64}},"25":{"start":{"line":56,"column":4},"end":{"line":56,"column":18}},"26":{"start":{"line":59,"column":0},"end":{"line":75,"column":5}},"27":{"start":{"line":60,"column":108},"end":{"line":60,"column":116}},"28":{"start":{"line":62,"column":23},"end":{"line":62,"column":118}},"29":{"start":{"line":63,"column":29},"end":{"line":63,"column":56}},"30":{"start":{"line":65,"column":4},"end":{"line":67,"column":5}},"31":{"start":{"line":66,"column":6},"end":{"line":66,"column":94}},"32":{"start":{"line":69,"column":4},"end":{"line":74,"column":5}},"33":{"start":{"line":70,"column":24},"end":{"line":70,"column":58}},"34":{"start":{"line":71,"column":6},"end":{"line":71,"column":83}},"35":{"start":{"line":73,"column":6},"end":{"line":73,"column":98}},"36":{"start":{"line":80,"column":0},"end":{"line":87,"column":3}},"37":{"start":{"line":81,"column":4},"end":{"line":86,"column":5}},"38":{"start":{"line":82,"column":25},"end":{"line":82,"column":50}},"39":{"start":{"line":83,"column":8},"end":{"line":83,"column":27}},"40":{"start":{"line":85,"column":8},"end":{"line":85,"column":107}},"41":{"start":{"line":90,"column":0},"end":{"line":100,"column":3}},"42":{"start":{"line":91,"column":4},"end":{"line":99,"column":5}},"43":{"start":{"line":92,"column":24},"end":{"line":92,"column":62}},"44":{"start":{"line":93,"column":8},"end":{"line":95,"column":9}},"45":{"start":{"line":94,"column":12},"end":{"line":94,"column":74}},"46":{"start":{"line":96,"column":8},"end":{"line":96,"column":26}},"47":{"start":{"line":98,"column":8},"end":{"line":98,"column":106}},"48":{"start":{"line":103,"column":0},"end":{"line":123,"column":3}},"49":{"start":{"line":104,"column":98},"end":{"line":104,"column":106}},"50":{"start":{"line":107,"column":27},"end":{"line":107,"column":112}},"51":{"start":{"line":108,"column":29},"end":{"line":108,"column":60}},"52":{"start":{"line":110,"column":4},"end":{"line":112,"column":5}},"53":{"start":{"line":111,"column":8},"end":{"line":111,"column":96}},"54":{"start":{"line":114,"column":4},"end":{"line":122,"column":5}},"55":{"start":{"line":115,"column":23},"end":{"line":115,"column":76}},"56":{"start":{"line":116,"column":8},"end":{"line":118,"column":9}},"57":{"start":{"line":117,"column":12},"end":{"line":117,"column":74}},"58":{"start":{"line":119,"column":8},"end":{"line":119,"column":62}},"59":{"start":{"line":121,"column":8},"end":{"line":121,"column":102}},"60":{"start":{"line":126,"column":0},"end":{"line":136,"column":3}},"61":{"start":{"line":127,"column":4},"end":{"line":135,"column":5}},"62":{"start":{"line":128,"column":23},"end":{"line":128,"column":60}},"63":{"start":{"line":129,"column":8},"end":{"line":131,"column":9}},"64":{"start":{"line":130,"column":12},"end":{"line":130,"column":74}},"65":{"start":{"line":132,"column":8},"end":{"line":132,"column":62}},"66":{"start":{"line":134,"column":8},"end":{"line":134,"column":104}},"67":{"start":{"line":138,"column":0},"end":{"line":138,"column":24}}},"fnMap":{"0":{"name":"(anonymous_0)","decl":{"start":{"line":6,"column":24},"end":{"line":6,"column":25}},"loc":{"start":{"line":6,"column":37},"end":{"line":57,"column":1}},"line":6},"1":{"name":"(anonymous_1)","decl":{"start":{"line":59,"column":23},"end":{"line":59,"column":24}},"loc":{"start":{"line":59,"column":43},"end":{"line":75,"column":3}},"line":59},"2":{"name":"(anonymous_2)","decl":{"start":{"line":80,"column":16},"end":{"line":80,"column":17}},"loc":{"start":{"line":80,"column":36},"end":{"line":87,"column":1}},"line":80},"3":{"name":"(anonymous_3)","decl":{"start":{"line":90,"column":19},"end":{"line":90,"column":20}},"loc":{"start":{"line":90,"column":39},"end":{"line":100,"column":1}},"line":90},"4":{"name":"(anonymous_4)","decl":{"start":{"line":103,"column":19},"end":{"line":103,"column":20}},"loc":{"start":{"line":103,"column":39},"end":{"line":123,"column":1}},"line":103},"5":{"name":"(anonymous_5)","decl":{"start":{"line":126,"column":22},"end":{"line":126,"column":23}},"loc":{"start":{"line":126,"column":42},"end":{"line":136,"column":1}},"line":126}},"branchMap":{"0":{"loc":{"start":{"line":9,"column":4},"end":{"line":11,"column":7}},"type":"if","locations":[{"start":{"line":9,"column":4},"end":{"line":11,"column":7}},{"start":{},"end":{}}],"line":9},"1":{"loc":{"start":{"line":12,"column":6},"end":{"line":14,"column":7}},"type":"if","locations":[{"start":{"line":12,"column":6},"end":{"line":14,"column":7}},{"start":{},"end":{}}],"line":12},"2":{"loc":{"start":{"line":12,"column":10},"end":{"line":12,"column":59}},"type":"binary-expr","locations":[{"start":{"line":12,"column":10},"end":{"line":12,"column":27}},{"start":{"line":12,"column":31},"end":{"line":12,"column":59}}],"line":12},"3":{"loc":{"start":{"line":17,"column":4},"end":{"line":19,"column":5}},"type":"if","locations":[{"start":{"line":17,"column":4},"end":{"line":19,"column":5}},{"start":{},"end":{}}],"line":17},"4":{"loc":{"start":{"line":17,"column":8},"end":{"line":17,"column":57}},"type":"binary-expr","locations":[{"start":{"line":17,"column":8},"end":{"line":17,"column":25}},{"start":{"line":17,"column":29},"end":{"line":17,"column":57}}],"line":17},"5":{"loc":{"start":{"line":22,"column":4},"end":{"line":24,"column":5}},"type":"if","locations":[{"start":{"line":22,"column":4},"end":{"line":24,"column":5}},{"start":{},"end":{}}],"line":22},"6":{"loc":{"start":{"line":22,"column":8},"end":{"line":22,"column":58}},"type":"binary-expr","locations":[{"start":{"line":22,"column":8},"end":{"line":22,"column":25}},{"start":{"line":22,"column":29},"end":{"line":22,"column":58}}],"line":22},"7":{"loc":{"start":{"line":27,"column":4},"end":{"line":29,"column":5}},"type":"if","locations":[{"start":{"line":27,"column":4},"end":{"line":29,"column":5}},{"start":{},"end":{}}],"line":27},"8":{"loc":{"start":{"line":27,"column":8},"end":{"line":27,"column":57}},"type":"binary-expr","locations":[{"start":{"line":27,"column":8},"end":{"line":27,"column":24}},{"start":{"line":27,"column":28},"end":{"line":27,"column":57}}],"line":27},"9":{"loc":{"start":{"line":32,"column":4},"end":{"line":34,"column":5}},"type":"if","locations":[{"start":{"line":32,"column":4},"end":{"line":34,"column":5}},{"start":{},"end":{}}],"line":32},"10":{"loc":{"start":{"line":32,"column":8},"end":{"line":32,"column":49}},"type":"binary-expr","locations":[{"start":{"line":32,"column":8},"end":{"line":32,"column":21}},{"start":{"line":32,"column":25},"end":{"line":32,"column":49}}],"line":32},"11":{"loc":{"start":{"line":37,"column":4},"end":{"line":39,"column":5}},"type":"if","locations":[{"start":{"line":37,"column":4},"end":{"line":39,"column":5}},{"start":{},"end":{}}],"line":37},"12":{"loc":{"start":{"line":37,"column":8},"end":{"line":37,"column":52}},"type":"binary-expr","locations":[{"start":{"line":37,"column":8},"end":{"line":37,"column":22}},{"start":{"line":37,"column":26},"end":{"line":37,"column":52}}],"line":37},"13":{"loc":{"start":{"line":42,"column":4},"end":{"line":44,"column":5}},"type":"if","locations":[{"start":{"line":42,"column":4},"end":{"line":44,"column":5}},{"start":{},"end":{}}],"line":42},"14":{"loc":{"start":{"line":42,"column":8},"end":{"line":42,"column":72}},"type":"binary-expr","locations":[{"start":{"line":42,"column":8},"end":{"line":42,"column":20}},{"start":{"line":42,"column":24},"end":{"line":42,"column":46}},{"start":{"line":42,"column":50},"end":{"line":42,"column":72}}],"line":42},"15":{"loc":{"start":{"line":47,"column":4},"end":{"line":49,"column":5}},"type":"if","locations":[{"start":{"line":47,"column":4},"end":{"line":49,"column":5}},{"start":{},"end":{}}],"line":47},"16":{"loc":{"start":{"line":47,"column":8},"end":{"line":47,"column":69}},"type":"binary-expr","locations":[{"start":{"line":47,"column":8},"end":{"line":47,"column":38}},{"start":{"line":47,"column":42},"end":{"line":47,"column":69}}],"line":47},"17":{"loc":{"start":{"line":52,"column":4},"end":{"line":54,"column":5}},"type":"if","locations":[{"start":{"line":52,"column":4},"end":{"line":54,"column":5}},{"start":{},"end":{}}],"line":52},"18":{"loc":{"start":{"line":52,"column":8},"end":{"line":52,"column":81}},"type":"binary-expr","locations":[{"start":{"line":52,"column":8},"end":{"line":52,"column":44}},{"start":{"line":52,"column":48},"end":{"line":52,"column":81}}],"line":52},"19":{"loc":{"start":{"line":65,"column":4},"end":{"line":67,"column":5}},"type":"if","locations":[{"start":{"line":65,"column":4},"end":{"line":67,"column":5}},{"start":{},"end":{}}],"line":65},"20":{"loc":{"start":{"line":93,"column":8},"end":{"line":95,"column":9}},"type":"if","locations":[{"start":{"line":93,"column":8},"end":{"line":95,"column":9}},{"start":{},"end":{}}],"line":93},"21":{"loc":{"start":{"line":110,"column":4},"end":{"line":112,"column":5}},"type":"if","locations":[{"start":{"line":110,"column":4},"end":{"line":112,"column":5}},{"start":{},"end":{}}],"line":110},"22":{"loc":{"start":{"line":116,"column":8},"end":{"line":118,"column":9}},"type":"if","locations":[{"start":{"line":116,"column":8},"end":{"line":118,"column":9}},{"start":{},"end":{}}],"line":116},"23":{"loc":{"start":{"line":129,"column":8},"end":{"line":131,"column":9}},"type":"if","locations":[{"start":{"line":129,"column":8},"end":{"line":131,"column":9}},{"start":{},"end":{}}],"line":129}},"s":{"0":1,"1":1,"2":1,"3":1,"4":3,"5":3,"6":2,"7":3,"8":1,"9":3,"10":1,"11":3,"12":1,"13":3,"14":0,"15":3,"16":0,"17":3,"18":1,"19":3,"20":1,"21":3,"22":2,"23":3,"24":2,"25":3,"26":1,"27":2,"28":2,"29":2,"30":2,"31":1,"32":1,"33":1,"34":0,"35":1,"36":1,"37":1,"38":1,"39":1,"40":0,"41":1,"42":1,"43":1,"44":1,"45":1,"46":0,"47":0,"48":1,"49":1,"50":1,"51":1,"52":1,"53":1,"54":0,"55":0,"56":0,"57":0,"58":0,"59":0,"60":1,"61":1,"62":1,"63":1,"64":1,"65":0,"66":0,"67":1},"f":{"0":3,"1":2,"2":1,"3":1,"4":1,"5":1},"b":{"0":[2,1],"1":[1,2],"2":[3,2],"3":[1,2],"4":[3,2],"5":[1,2],"6":[3,2],"7":[0,3],"8":[3,1],"9":[0,3],"10":[3,3],"11":[1,2],"12":[3,2],"13":[1,2],"14":[3,2,2],"15":[2,1],"16":[3,2],"17":[2,1],"18":[3,2],"19":[1,1],"20":[1,0],"21":[1,0],"22":[0,0],"23":[1,0]},"_coverageSchema":"1a1c01bbd47fc00a2c39e90264f33305004495a9","hash":"520411496cd2941f2eb01a0cd52c2b1512053d05"}
,"C:\\Users\\Rene\\Documents\\GitHub\\nonprofit-volunteering-app\\backend\\routes\\RegisterRouter.js": {"path":"C:\\Users\\Rene\\Documents\\GitHub\\nonprofit-volunteering-app\\backend\\routes\\RegisterRouter.js","statementMap":{"0":{"start":{"line":1,"column":16},"end":{"line":1,"column":34}},"1":{"start":{"line":2,"column":15},"end":{"line":2,"column":31}},"2":{"start":{"line":5,"column":12},"end":{"line":5,"column":14}},"3":{"start":{"line":8,"column":29},"end":{"line":38,"column":1}},"4":{"start":{"line":9,"column":17},"end":{"line":9,"column":19}},"5":{"start":{"line":12,"column":4},"end":{"line":20,"column":5}},"6":{"start":{"line":17,"column":8},"end":{"line":19,"column":10}},"7":{"start":{"line":23,"column":4},"end":{"line":27,"column":5}},"8":{"start":{"line":24,"column":8},"end":{"line":26,"column":10}},"9":{"start":{"line":30,"column":23},"end":{"line":30,"column":51}},"10":{"start":{"line":31,"column":4},"end":{"line":35,"column":5}},"11":{"start":{"line":32,"column":8},"end":{"line":32,"column":47}},"12":{"start":{"line":33,"column":11},"end":{"line":35,"column":5}},"13":{"start":{"line":34,"column":8},"end":{"line":34,"column":44}},"14":{"start":{"line":37,"column":4},"end":{"line":37,"column":18}},"15":{"start":{"line":41,"column":0},"end":{"line":65,"column":3}},"16":{"start":{"line":42,"column":42},"end":{"line":42,"column":50}},"17":{"start":{"line":45,"column":20},"end":{"line":45,"column":49}},"18":{"start":{"line":46,"column":29},"end":{"line":46,"column":58}},"19":{"start":{"line":49,"column":4},"end":{"line":51,"column":5}},"20":{"start":{"line":50,"column":8},"end":{"line":50,"column":70}},"21":{"start":{"line":54,"column":25},"end":{"line":54,"column":73}},"22":{"start":{"line":54,"column":46},"end":{"line":54,"column":72}},"23":{"start":{"line":55,"column":4},"end":{"line":57,"column":5}},"24":{"start":{"line":56,"column":8},"end":{"line":56,"column":76}},"25":{"start":{"line":60,"column":4},"end":{"line":60,"column":24}},"26":{"start":{"line":61,"column":4},"end":{"line":64,"column":7}},"27":{"start":{"line":68,"column":0},"end":{"line":70,"column":3}},"28":{"start":{"line":69,"column":4},"end":{"line":69,"column":20}},"29":{"start":{"line":72,"column":0},"end":{"line":72,"column":24}}},"fnMap":{"0":{"name":"(anonymous_0)","decl":{"start":{"line":8,"column":29},"end":{"line":8,"column":30}},"loc":{"start":{"line":8,"column":39},"end":{"line":38,"column":1}},"line":8},"1":{"name":"(anonymous_1)","decl":{"start":{"line":41,"column":17},"end":{"line":41,"column":18}},"loc":{"start":{"line":41,"column":31},"end":{"line":65,"column":1}},"line":41},"2":{"name":"(anonymous_2)","decl":{"start":{"line":54,"column":36},"end":{"line":54,"column":37}},"loc":{"start":{"line":54,"column":46},"end":{"line":54,"column":72}},"line":54},"3":{"name":"(anonymous_3)","decl":{"start":{"line":68,"column":16},"end":{"line":68,"column":17}},"loc":{"start":{"line":68,"column":30},"end":{"line":70,"column":1}},"line":68}},"branchMap":{"0":{"loc":{"start":{"line":12,"column":4},"end":{"line":20,"column":5}},"type":"if","locations":[{"start":{"line":12,"column":4},"end":{"line":20,"column":5}},{"start":{},"end":{}}],"line":12},"1":{"loc":{"start":{"line":13,"column":8},"end":{"line":15,"column":33}},"type":"binary-expr","locations":[{"start":{"line":13,"column":8},"end":{"line":13,"column":22}},{"start":{"line":14,"column":8},"end":{"line":14,"column":32}},{"start":{"line":15,"column":8},"end":{"line":15,"column":33}}],"line":13},"2":{"loc":{"start":{"line":23,"column":4},"end":{"line":27,"column":5}},"type":"if","locations":[{"start":{"line":23,"column":4},"end":{"line":27,"column":5}},{"start":{},"end":{}}],"line":23},"3":{"loc":{"start":{"line":23,"column":8},"end":{"line":23,"column":50}},"type":"binary-expr","locations":[{"start":{"line":23,"column":8},"end":{"line":23,"column":22}},{"start":{"line":23,"column":26},"end":{"line":23,"column":50}}],"line":23},"4":{"loc":{"start":{"line":31,"column":4},"end":{"line":35,"column":5}},"type":"if","locations":[{"start":{"line":31,"column":4},"end":{"line":35,"column":5}},{"start":{"line":33,"column":11},"end":{"line":35,"column":5}}],"line":31},"5":{"loc":{"start":{"line":33,"column":11},"end":{"line":35,"column":5}},"type":"if","locations":[{"start":{"line":33,"column":11},"end":{"line":35,"column":5}},{"start":{},"end":{}}],"line":33},"6":{"loc":{"start":{"line":49,"column":4},"end":{"line":51,"column":5}},"type":"if","locations":[{"start":{"line":49,"column":4},"end":{"line":51,"column":5}},{"start":{},"end":{}}],"line":49},"7":{"loc":{"start":{"line":55,"column":4},"end":{"line":57,"column":5}},"type":"if","locations":[{"start":{"line":55,"column":4},"end":{"line":57,"column":5}},{"start":{},"end":{}}],"line":55}},"s":{"0":2,"1":2,"2":2,"3":2,"4":9,"5":9,"6":2,"7":9,"8":1,"9":9,"10":9,"11":1,"12":8,"13":1,"14":9,"15":2,"16":9,"17":9,"18":9,"19":9,"20":5,"21":4,"22":5,"23":4,"24":1,"25":3,"26":3,"27":2,"28":1,"29":2},"f":{"0":9,"1":9,"2":5,"3":1},"b":{"0":[2,7],"1":[9,9,8],"2":[1,8],"3":[9,8],"4":[1,8],"5":[1,7],"6":[5,4],"7":[1,3]},"_coverageSchema":"1a1c01bbd47fc00a2c39e90264f33305004495a9","hash":"84f5789912906e6854c9c6388632f73c3eb4fa33"}
,"C:\\Users\\Rene\\Documents\\GitHub\\nonprofit-volunteering-app\\backend\\routes\\eventHRouter.js": {"path":"C:\\Users\\Rene\\Documents\\GitHub\\nonprofit-volunteering-app\\backend\\routes\\eventHRouter.js","statementMap":{"0":{"start":{"line":1,"column":16},"end":{"line":1,"column":34}},"1":{"start":{"line":2,"column":15},"end":{"line":2,"column":31}},"2":{"start":{"line":5,"column":19},"end":{"line":22,"column":1}},"3":{"start":{"line":25,"column":0},"end":{"line":27,"column":3}},"4":{"start":{"line":26,"column":4},"end":{"line":26,"column":27}},"5":{"start":{"line":30,"column":0},"end":{"line":47,"column":3}},"6":{"start":{"line":31,"column":69},"end":{"line":31,"column":77}},"7":{"start":{"line":34,"column":4},"end":{"line":36,"column":5}},"8":{"start":{"line":35,"column":8},"end":{"line":35,"column":76}},"9":{"start":{"line":37,"column":4},"end":{"line":39,"column":5}},"10":{"start":{"line":38,"column":8},"end":{"line":38,"column":76}},"11":{"start":{"line":40,"column":4},"end":{"line":42,"column":5}},"12":{"start":{"line":41,"column":8},"end":{"line":41,"column":99}},"13":{"start":{"line":45,"column":4},"end":{"line":45,"column":80}},"14":{"start":{"line":46,"column":4},"end":{"line":46,"column":66}},"15":{"start":{"line":49,"column":0},"end":{"line":49,"column":24}}},"fnMap":{"0":{"name":"(anonymous_0)","decl":{"start":{"line":25,"column":23},"end":{"line":25,"column":24}},"loc":{"start":{"line":25,"column":37},"end":{"line":27,"column":1}},"line":25},"1":{"name":"(anonymous_1)","decl":{"start":{"line":30,"column":20},"end":{"line":30,"column":21}},"loc":{"start":{"line":30,"column":34},"end":{"line":47,"column":1}},"line":30}},"branchMap":{"0":{"loc":{"start":{"line":34,"column":4},"end":{"line":36,"column":5}},"type":"if","locations":[{"start":{"line":34,"column":4},"end":{"line":36,"column":5}},{"start":{},"end":{}}],"line":34},"1":{"loc":{"start":{"line":34,"column":8},"end":{"line":34,"column":76}},"type":"binary-expr","locations":[{"start":{"line":34,"column":8},"end":{"line":34,"column":13}},{"start":{"line":34,"column":17},"end":{"line":34,"column":29}},{"start":{"line":34,"column":33},"end":{"line":34,"column":42}},{"start":{"line":34,"column":46},"end":{"line":34,"column":53}},{"start":{"line":34,"column":57},"end":{"line":34,"column":67}},{"start":{"line":34,"column":71},"end":{"line":34,"column":76}}],"line":34},"2":{"loc":{"start":{"line":37,"column":4},"end":{"line":39,"column":5}},"type":"if","locations":[{"start":{"line":37,"column":4},"end":{"line":39,"column":5}},{"start":{},"end":{}}],"line":37},"3":{"loc":{"start":{"line":40,"column":4},"end":{"line":42,"column":5}},"type":"if","locations":[{"start":{"line":40,"column":4},"end":{"line":42,"column":5}},{"start":{},"end":{}}],"line":40},"4":{"loc":{"start":{"line":40,"column":8},"end":{"line":40,"column":43}},"type":"binary-expr","locations":[{"start":{"line":40,"column":8},"end":{"line":40,"column":23}},{"start":{"line":40,"column":27},"end":{"line":40,"column":43}}],"line":40}},"s":{"0":2,"1":2,"2":2,"3":2,"4":1,"5":2,"6":4,"7":4,"8":1,"9":3,"10":1,"11":2,"12":1,"13":1,"14":1,"15":2},"f":{"0":1,"1":4},"b":{"0":[1,3],"1":[4,3,3,3,3,3],"2":[1,2],"3":[1,1],"4":[2,1]},"_coverageSchema":"1a1c01bbd47fc00a2c39e90264f33305004495a9","hash":"cdd44ede63ee101f0bdbeb08164e8c8cac1a895b"}
,"C:\\Users\\Rene\\Documents\\GitHub\\nonprofit-volunteering-app\\backend\\routes\\eventRouter.js": {"path":"C:\\Users\\Rene\\Documents\\GitHub\\nonprofit-volunteering-app\\backend\\routes\\eventRouter.js","statementMap":{"0":{"start":{"line":1,"column":16},"end":{"line":1,"column":34}},"1":{"start":{"line":2,"column":15},"end":{"line":2,"column":31}},"2":{"start":{"line":4,"column":13},"end":{"line":4,"column":15}},"3":{"start":{"line":7,"column":22},"end":{"line":41,"column":1}},"4":{"start":{"line":8,"column":17},"end":{"line":8,"column":19}},"5":{"start":{"line":11,"column":4},"end":{"line":13,"column":5}},"6":{"start":{"line":12,"column":8},"end":{"line":12,"column":84}},"7":{"start":{"line":16,"column":4},"end":{"line":18,"column":5}},"8":{"start":{"line":17,"column":8},"end":{"line":17,"column":48}},"9":{"start":{"line":21,"column":4},"end":{"line":23,"column":5}},"10":{"start":{"line":22,"column":8},"end":{"line":22,"column":45}},"11":{"start":{"line":26,"column":4},"end":{"line":28,"column":5}},"12":{"start":{"line":27,"column":8},"end":{"line":27,"column":55}},"13":{"start":{"line":31,"column":4},"end":{"line":33,"column":5}},"14":{"start":{"line":32,"column":8},"end":{"line":32,"column":50}},"15":{"start":{"line":36,"column":4},"end":{"line":38,"column":5}},"16":{"start":{"line":37,"column":8},"end":{"line":37,"column":50}},"17":{"start":{"line":40,"column":4},"end":{"line":40,"column":18}},"18":{"start":{"line":44,"column":0},"end":{"line":59,"column":3}},"19":{"start":{"line":45,"column":74},"end":{"line":45,"column":82}},"20":{"start":{"line":48,"column":21},"end":{"line":48,"column":82}},"21":{"start":{"line":49,"column":29},"end":{"line":49,"column":52}},"22":{"start":{"line":51,"column":4},"end":{"line":53,"column":5}},"23":{"start":{"line":52,"column":8},"end":{"line":52,"column":96}},"24":{"start":{"line":55,"column":4},"end":{"line":55,"column":32}},"25":{"start":{"line":56,"column":4},"end":{"line":56,"column":26}},"26":{"start":{"line":58,"column":4},"end":{"line":58,"column":85}},"27":{"start":{"line":62,"column":0},"end":{"line":64,"column":3}},"28":{"start":{"line":63,"column":4},"end":{"line":63,"column":21}},"29":{"start":{"line":67,"column":0},"end":{"line":75,"column":3}},"30":{"start":{"line":68,"column":18},"end":{"line":68,"column":57}},"31":{"start":{"line":68,"column":35},"end":{"line":68,"column":56}},"32":{"start":{"line":70,"column":4},"end":{"line":72,"column":5}},"33":{"start":{"line":71,"column":8},"end":{"line":71,"column":68}},"34":{"start":{"line":74,"column":4},"end":{"line":74,"column":20}},"35":{"start":{"line":78,"column":0},"end":{"line":102,"column":3}},"36":{"start":{"line":79,"column":18},"end":{"line":79,"column":57}},"37":{"start":{"line":79,"column":35},"end":{"line":79,"column":56}},"38":{"start":{"line":81,"column":4},"end":{"line":83,"column":5}},"39":{"start":{"line":82,"column":8},"end":{"line":82,"column":68}},"40":{"start":{"line":85,"column":74},"end":{"line":85,"column":82}},"41":{"start":{"line":88,"column":4},"end":{"line":88,"column":36}},"42":{"start":{"line":89,"column":4},"end":{"line":89,"column":57}},"43":{"start":{"line":90,"column":4},"end":{"line":90,"column":48}},"44":{"start":{"line":91,"column":4},"end":{"line":91,"column":39}},"45":{"start":{"line":92,"column":4},"end":{"line":92,"column":45}},"46":{"start":{"line":93,"column":4},"end":{"line":93,"column":60}},"47":{"start":{"line":96,"column":29},"end":{"line":96,"column":49}},"48":{"start":{"line":97,"column":4},"end":{"line":99,"column":5}},"49":{"start":{"line":98,"column":8},"end":{"line":98,"column":96}},"50":{"start":{"line":101,"column":4},"end":{"line":101,"column":63}},"51":{"start":{"line":105,"column":0},"end":{"line":114,"column":3}},"52":{"start":{"line":106,"column":23},"end":{"line":106,"column":67}},"53":{"start":{"line":106,"column":45},"end":{"line":106,"column":66}},"54":{"start":{"line":108,"column":4},"end":{"line":110,"column":5}},"55":{"start":{"line":109,"column":8},"end":{"line":109,"column":68}},"56":{"start":{"line":112,"column":4},"end":{"line":112,"column":33}},"57":{"start":{"line":113,"column":4},"end":{"line":113,"column":56}},"58":{"start":{"line":116,"column":0},"end":{"line":116,"column":24}}},"fnMap":{"0":{"name":"(anonymous_0)","decl":{"start":{"line":7,"column":22},"end":{"line":7,"column":23}},"loc":{"start":{"line":7,"column":33},"end":{"line":41,"column":1}},"line":7},"1":{"name":"(anonymous_1)","decl":{"start":{"line":44,"column":23},"end":{"line":44,"column":24}},"loc":{"start":{"line":44,"column":37},"end":{"line":59,"column":1}},"line":44},"2":{"name":"(anonymous_2)","decl":{"start":{"line":62,"column":16},"end":{"line":62,"column":17}},"loc":{"start":{"line":62,"column":30},"end":{"line":64,"column":1}},"line":62},"3":{"name":"(anonymous_3)","decl":{"start":{"line":67,"column":19},"end":{"line":67,"column":20}},"loc":{"start":{"line":67,"column":33},"end":{"line":75,"column":1}},"line":67},"4":{"name":"(anonymous_4)","decl":{"start":{"line":68,"column":30},"end":{"line":68,"column":31}},"loc":{"start":{"line":68,"column":35},"end":{"line":68,"column":56}},"line":68},"5":{"name":"(anonymous_5)","decl":{"start":{"line":78,"column":19},"end":{"line":78,"column":20}},"loc":{"start":{"line":78,"column":33},"end":{"line":102,"column":1}},"line":78},"6":{"name":"(anonymous_6)","decl":{"start":{"line":79,"column":30},"end":{"line":79,"column":31}},"loc":{"start":{"line":79,"column":35},"end":{"line":79,"column":56}},"line":79},"7":{"name":"(anonymous_7)","decl":{"start":{"line":105,"column":22},"end":{"line":105,"column":23}},"loc":{"start":{"line":105,"column":36},"end":{"line":114,"column":1}},"line":105},"8":{"name":"(anonymous_8)","decl":{"start":{"line":106,"column":40},"end":{"line":106,"column":41}},"loc":{"start":{"line":106,"column":45},"end":{"line":106,"column":66}},"line":106}},"branchMap":{"0":{"loc":{"start":{"line":11,"column":4},"end":{"line":13,"column":5}},"type":"if","locations":[{"start":{"line":11,"column":4},"end":{"line":13,"column":5}},{"start":{},"end":{}}],"line":11},"1":{"loc":{"start":{"line":11,"column":8},"end":{"line":11,"column":46}},"type":"binary-expr","locations":[{"start":{"line":11,"column":8},"end":{"line":11,"column":19}},{"start":{"line":11,"column":23},"end":{"line":11,"column":46}}],"line":11},"2":{"loc":{"start":{"line":16,"column":4},"end":{"line":18,"column":5}},"type":"if","locations":[{"start":{"line":16,"column":4},"end":{"line":18,"column":5}},{"start":{},"end":{}}],"line":16},"3":{"loc":{"start":{"line":21,"column":4},"end":{"line":23,"column":5}},"type":"if","locations":[{"start":{"line":21,"column":4},"end":{"line":23,"column":5}},{"start":{},"end":{}}],"line":21},"4":{"loc":{"start":{"line":26,"column":4},"end":{"line":28,"column":5}},"type":"if","locations":[{"start":{"line":26,"column":4},"end":{"line":28,"column":5}},{"start":{},"end":{}}],"line":26},"5":{"loc":{"start":{"line":26,"column":8},"end":{"line":26,"column":63}},"type":"binary-expr","locations":[{"start":{"line":26,"column":8},"end":{"line":26,"column":35}},{"start":{"line":26,"column":39},"end":{"line":26,"column":63}}],"line":26},"6":{"loc":{"start":{"line":31,"column":4},"end":{"line":33,"column":5}},"type":"if","locations":[{"start":{"line":31,"column":4},"end":{"line":33,"column":5}},{"start":{},"end":{}}],"line":31},"7":{"loc":{"start":{"line":36,"column":4},"end":{"line":38,"column":5}},"type":"if","locations":[{"start":{"line":36,"column":4},"end":{"line":38,"column":5}},{"start":{},"end":{}}],"line":36},"8":{"loc":{"start":{"line":51,"column":4},"end":{"line":53,"column":5}},"type":"if","locations":[{"start":{"line":51,"column":4},"end":{"line":53,"column":5}},{"start":{},"end":{}}],"line":51},"9":{"loc":{"start":{"line":70,"column":4},"end":{"line":72,"column":5}},"type":"if","locations":[{"start":{"line":70,"column":4},"end":{"line":72,"column":5}},{"start":{},"end":{}}],"line":70},"10":{"loc":{"start":{"line":81,"column":4},"end":{"line":83,"column":5}},"type":"if","locations":[{"start":{"line":81,"column":4},"end":{"line":83,"column":5}},{"start":{},"end":{}}],"line":81},"11":{"loc":{"start":{"line":88,"column":17},"end":{"line":88,"column":35}},"type":"binary-expr","locations":[{"start":{"line":88,"column":17},"end":{"line":88,"column":21}},{"start":{"line":88,"column":25},"end":{"line":88,"column":35}}],"line":88},"12":{"loc":{"start":{"line":89,"column":24},"end":{"line":89,"column":56}},"type":"binary-expr","locations":[{"start":{"line":89,"column":24},"end":{"line":89,"column":35}},{"start":{"line":89,"column":39},"end":{"line":89,"column":56}}],"line":89},"13":{"loc":{"start":{"line":90,"column":21},"end":{"line":90,"column":47}},"type":"binary-expr","locations":[{"start":{"line":90,"column":21},"end":{"line":90,"column":29}},{"start":{"line":90,"column":33},"end":{"line":90,"column":47}}],"line":90},"14":{"loc":{"start":{"line":91,"column":18},"end":{"line":91,"column":38}},"type":"binary-expr","locations":[{"start":{"line":91,"column":18},"end":{"line":91,"column":23}},{"start":{"line":91,"column":27},"end":{"line":91,"column":38}}],"line":91},"15":{"loc":{"start":{"line":92,"column":20},"end":{"line":92,"column":44}},"type":"binary-expr","locations":[{"start":{"line":92,"column":20},"end":{"line":92,"column":27}},{"start":{"line":92,"column":31},"end":{"line":92,"column":44}}],"line":92},"16":{"loc":{"start":{"line":93,"column":25},"end":{"line":93,"column":59}},"type":"binary-expr","locations":[{"start":{"line":93,"column":25},"end":{"line":93,"column":37}},{"start":{"line":93,"column":41},"end":{"line":93,"column":59}}],"line":93},"17":{"loc":{"start":{"line":97,"column":4},"end":{"line":99,"column":5}},"type":"if","locations":[{"start":{"line":97,"column":4},"end":{"line":99,"column":5}},{"start":{},"end":{}}],"line":97},"18":{"loc":{"start":{"line":108,"column":4},"end":{"line":110,"column":5}},"type":"if","locations":[{"start":{"line":108,"column":4},"end":{"line":110,"column":5}},{"start":{},"end":{}}],"line":108}},"s":{"0":2,"1":2,"2":2,"3":2,"4":6,"5":6,"6":6,"7":6,"8":1,"9":6,"10":1,"11":6,"12":6,"13":6,"14":1,"15":6,"16":6,"17":6,"18":2,"19":6,"20":6,"21":6,"22":6,"23":6,"24":0,"25":0,"26":0,"27":2,"28":1,"29":2,"30":1,"31":0,"32":1,"33":1,"34":0,"35":2,"36":0,"37":0,"38":0,"39":0,"40":0,"41":0,"42":0,"43":0,"44":0,"45":0,"46":0,"47":0,"48":0,"49":0,"50":0,"51":2,"52":0,"53":0,"54":0,"55":0,"56":0,"57":0,"58":2},"f":{"0":6,"1":6,"2":1,"3":1,"4":0,"5":0,"6":0,"7":0,"8":0},"b":{"0":[6,0],"1":[6,0],"2":[1,5],"3":[1,5],"4":[6,0],"5":[6,0],"6":[1,5],"7":[6,0],"8":[6,0],"9":[1,0],"10":[0,0],"11":[0,0],"12":[0,0],"13":[0,0],"14":[0,0],"15":[0,0],"16":[0,0],"17":[0,0],"18":[0,0]},"_coverageSchema":"1a1c01bbd47fc00a2c39e90264f33305004495a9","hash":"d95ac96ebbf581a0a2c014fea0f7be8b51e2240a"}
,"C:\\Users\\Rene\\Documents\\GitHub\\nonprofit-volunteering-app\\backend\\routes\\historyRouter.js": {"path":"C:\\Users\\Rene\\Documents\\GitHub\\nonprofit-volunteering-app\\backend\\routes\\historyRouter.js","statementMap":{"0":{"start":{"line":1,"column":16},"end":{"line":1,"column":34}},"1":{"start":{"line":2,"column":15},"end":{"line":2,"column":31}},"2":{"start":{"line":5,"column":25},"end":{"line":32,"column":1}},"3":{"start":{"line":35,"column":0},"end":{"line":40,"column":3}},"4":{"start":{"line":36,"column":4},"end":{"line":36,"column":56}},"5":{"start":{"line":37,"column":27},"end":{"line":37,"column":56}},"6":{"start":{"line":38,"column":4},"end":{"line":38,"column":52}},"7":{"start":{"line":39,"column":4},"end":{"line":39,"column":29}},"8":{"start":{"line":43,"column":0},"end":{"line":54,"column":3}},"9":{"start":{"line":44,"column":26},"end":{"line":44,"column":50}},"10":{"start":{"line":47,"column":4},"end":{"line":49,"column":5}},"11":{"start":{"line":48,"column":8},"end":{"line":48,"column":82}},"12":{"start":{"line":51,"column":25},"end":{"line":51,"column":62}},"13":{"start":{"line":53,"column":4},"end":{"line":53,"column":27}},"14":{"start":{"line":56,"column":0},"end":{"line":56,"column":24}}},"fnMap":{"0":{"name":"(anonymous_0)","decl":{"start":{"line":35,"column":26},"end":{"line":35,"column":27}},"loc":{"start":{"line":35,"column":40},"end":{"line":40,"column":1}},"line":35},"1":{"name":"(anonymous_1)","decl":{"start":{"line":43,"column":30},"end":{"line":43,"column":31}},"loc":{"start":{"line":43,"column":44},"end":{"line":54,"column":1}},"line":43}},"branchMap":{"0":{"loc":{"start":{"line":47,"column":4},"end":{"line":49,"column":5}},"type":"if","locations":[{"start":{"line":47,"column":4},"end":{"line":49,"column":5}},{"start":{},"end":{}}],"line":47},"1":{"loc":{"start":{"line":47,"column":8},"end":{"line":47,"column":61}},"type":"binary-expr","locations":[{"start":{"line":47,"column":8},"end":{"line":47,"column":32}},{"start":{"line":47,"column":36},"end":{"line":47,"column":61}}],"line":47},"2":{"loc":{"start":{"line":51,"column":25},"end":{"line":51,"column":62}},"type":"binary-expr","locations":[{"start":{"line":51,"column":25},"end":{"line":51,"column":56}},{"start":{"line":51,"column":60},"end":{"line":51,"column":62}}],"line":51}},"s":{"0":2,"1":2,"2":2,"3":2,"4":1,"5":1,"6":1,"7":1,"8":2,"9":4,"10":4,"11":1,"12":3,"13":3,"14":2},"f":{"0":1,"1":4},"b":{"0":[1,3],"1":[4,3],"2":[3,1]},"_coverageSchema":"1a1c01bbd47fc00a2c39e90264f33305004495a9","hash":"8c6fb614b89485ea1e109ac9b99cff31ec69ba4d"}
,"C:\\Users\\Rene\\Documents\\GitHub\\nonprofit-volunteering-app\\backend\\routes\\homeRouter.js": {"path":"C:\\Users\\Rene\\Documents\\GitHub\\nonprofit-volunteering-app\\backend\\routes\\homeRouter.js","statementMap":{"0":{"start":{"line":1,"column":16},"end":{"line":1,"column":34}},"1":{"start":{"line":2,"column":15},"end":{"line":2,"column":31}},"2":{"start":{"line":5,"column":0},"end":{"line":7,"column":3}},"3":{"start":{"line":6,"column":4},"end":{"line":6,"column":67}},"4":{"start":{"line":10,"column":0},"end":{"line":12,"column":3}},"5":{"start":{"line":11,"column":4},"end":{"line":11,"column":78}},"6":{"start":{"line":14,"column":0},"end":{"line":14,"column":24}}},"fnMap":{"0":{"name":"(anonymous_0)","decl":{"start":{"line":5,"column":16},"end":{"line":5,"column":17}},"loc":{"start":{"line":5,"column":30},"end":{"line":7,"column":1}},"line":5},"1":{"name":"(anonymous_1)","decl":{"start":{"line":10,"column":22},"end":{"line":10,"column":23}},"loc":{"start":{"line":10,"column":36},"end":{"line":12,"column":1}},"line":10}},"branchMap":{},"s":{"0":2,"1":2,"2":2,"3":1,"4":2,"5":1,"6":2},"f":{"0":1,"1":1},"b":{},"_coverageSchema":"1a1c01bbd47fc00a2c39e90264f33305004495a9","hash":"0e3cc5e33b97ac8c7b38f0d9322f48a6d1f1bd60"}
,"C:\\Users\\Rene\\Documents\\GitHub\\nonprofit-volunteering-app\\backend\\routes\\matchRouter.js": {"path":"C:\\Users\\Rene\\Documents\\GitHub\\nonprofit-volunteering-app\\backend\\routes\\matchRouter.js","statementMap":{"0":{"start":{"line":1,"column":16},"end":{"line":1,"column":34}},"1":{"start":{"line":2,"column":15},"end":{"line":2,"column":31}},"2":{"start":{"line":5,"column":19},"end":{"line":11,"column":1}},"3":{"start":{"line":13,"column":15},"end":{"line":17,"column":1}},"4":{"start":{"line":20,"column":24},"end":{"line":20,"column":26}},"5":{"start":{"line":23,"column":0},"end":{"line":30,"column":3}},"6":{"start":{"line":24,"column":17},"end":{"line":24,"column":46}},"7":{"start":{"line":25,"column":32},"end":{"line":28,"column":5}},"8":{"start":{"line":26,"column":8},"end":{"line":27,"column":64}},"9":{"start":{"line":27,"column":37},"end":{"line":27,"column":63}},"10":{"start":{"line":29,"column":4},"end":{"line":29,"column":34}},"11":{"start":{"line":33,"column":0},"end":{"line":47,"column":3}},"12":{"start":{"line":34,"column":26},"end":{"line":34,"column":50}},"13":{"start":{"line":35,"column":22},"end":{"line":35,"column":96}},"14":{"start":{"line":35,"column":43},"end":{"line":35,"column":95}},"15":{"start":{"line":37,"column":4},"end":{"line":39,"column":5}},"16":{"start":{"line":38,"column":8},"end":{"line":38,"column":40}},"17":{"start":{"line":41,"column":26},"end":{"line":44,"column":5}},"18":{"start":{"line":42,"column":8},"end":{"line":43,"column":45}},"19":{"start":{"line":42,"column":44},"end":{"line":42,"column":76}},"20":{"start":{"line":46,"column":4},"end":{"line":46,"column":28}},"21":{"start":{"line":50,"column":0},"end":{"line":52,"column":3}},"22":{"start":{"line":51,"column":4},"end":{"line":51,"column":32}},"23":{"start":{"line":55,"column":0},"end":{"line":59,"column":3}},"24":{"start":{"line":56,"column":42},"end":{"line":56,"column":50}},"25":{"start":{"line":57,"column":4},"end":{"line":57,"column":58}},"26":{"start":{"line":58,"column":4},"end":{"line":58,"column":67}},"27":{"start":{"line":61,"column":0},"end":{"line":61,"column":24}}},"fnMap":{"0":{"name":"(anonymous_0)","decl":{"start":{"line":23,"column":33},"end":{"line":23,"column":34}},"loc":{"start":{"line":23,"column":47},"end":{"line":30,"column":1}},"line":23},"1":{"name":"(anonymous_1)","decl":{"start":{"line":25,"column":50},"end":{"line":25,"column":51}},"loc":{"start":{"line":26,"column":8},"end":{"line":27,"column":64}},"line":26},"2":{"name":"(anonymous_2)","decl":{"start":{"line":27,"column":32},"end":{"line":27,"column":33}},"loc":{"start":{"line":27,"column":37},"end":{"line":27,"column":63}},"line":27},"3":{"name":"(anonymous_3)","decl":{"start":{"line":33,"column":30},"end":{"line":33,"column":31}},"loc":{"start":{"line":33,"column":44},"end":{"line":47,"column":1}},"line":33},"4":{"name":"(anonymous_4)","decl":{"start":{"line":35,"column":38},"end":{"line":35,"column":39}},"loc":{"start":{"line":35,"column":43},"end":{"line":35,"column":95}},"line":35},"5":{"name":"(anonymous_5)","decl":{"start":{"line":41,"column":40},"end":{"line":41,"column":41}},"loc":{"start":{"line":42,"column":8},"end":{"line":43,"column":45}},"line":42},"6":{"name":"(anonymous_6)","decl":{"start":{"line":42,"column":35},"end":{"line":42,"column":36}},"loc":{"start":{"line":42,"column":44},"end":{"line":42,"column":76}},"line":42},"7":{"name":"(anonymous_7)","decl":{"start":{"line":50,"column":34},"end":{"line":50,"column":35}},"loc":{"start":{"line":50,"column":48},"end":{"line":52,"column":1}},"line":50},"8":{"name":"(anonymous_8)","decl":{"start":{"line":55,"column":35},"end":{"line":55,"column":36}},"loc":{"start":{"line":55,"column":49},"end":{"line":59,"column":1}},"line":55}},"branchMap":{"0":{"loc":{"start":{"line":26,"column":8},"end":{"line":27,"column":64}},"type":"binary-expr","locations":[{"start":{"line":26,"column":8},"end":{"line":26,"column":43}},{"start":{"line":27,"column":8},"end":{"line":27,"column":64}}],"line":26},"1":{"loc":{"start":{"line":37,"column":4},"end":{"line":39,"column":5}},"type":"if","locations":[{"start":{"line":37,"column":4},"end":{"line":39,"column":5}},{"start":{},"end":{}}],"line":37},"2":{"loc":{"start":{"line":42,"column":8},"end":{"line":43,"column":45}},"type":"binary-expr","locations":[{"start":{"line":42,"column":8},"end":{"line":42,"column":77}},{"start":{"line":43,"column":8},"end":{"line":43,"column":45}}],"line":42}},"s":{"0":2,"1":2,"2":2,"3":2,"4":2,"5":2,"6":2,"7":2,"8":10,"9":0,"10":2,"11":2,"12":3,"13":3,"14":13,"15":3,"16":2,"17":1,"18":3,"19":3,"20":1,"21":2,"22":0,"23":2,"24":2,"25":2,"26":2,"27":2},"f":{"0":2,"1":10,"2":0,"3":3,"4":13,"5":3,"6":3,"7":0,"8":2},"b":{"0":[10,2],"1":[2,1],"2":[3,0]},"_coverageSchema":"1a1c01bbd47fc00a2c39e90264f33305004495a9","hash":"b563f9db8cdae0330696a9870e72a4c7d8e3df17"}
}
