{"C:\\Users\\Rene\\Documents\\GitHub\\nonprofit-volunteering-app\\backend\\app.js": {"path":"C:\\Users\\Rene\\Documents\\GitHub\\nonprofit-volunteering-app\\backend\\app.js","statementMap":{"0":{"start":{"line":1,"column":16},"end":{"line":1,"column":34}},"1":{"start":{"line":2,"column":19},"end":{"line":2,"column":41}},"2":{"start":{"line":3,"column":13},"end":{"line":3,"column":28}},"3":{"start":{"line":4,"column":12},"end":{"line":4,"column":21}},"4":{"start":{"line":6,"column":0},"end":{"line":6,"column":16}},"5":{"start":{"line":7,"column":0},"end":{"line":7,"column":52}},"6":{"start":{"line":8,"column":0},"end":{"line":8,"column":24}},"7":{"start":{"line":9,"column":0},"end":{"line":9,"column":27}},"8":{"start":{"line":11,"column":0},"end":{"line":13,"column":3}},"9":{"start":{"line":12,"column":4},"end":{"line":12,"column":36}},"10":{"start":{"line":16,"column":20},"end":{"line":16,"column":51}},"11":{"start":{"line":17,"column":21},"end":{"line":17,"column":53}},"12":{"start":{"line":18,"column":22},"end":{"line":18,"column":55}},"13":{"start":{"line":19,"column":19},"end":{"line":19,"column":49}},"14":{"start":{"line":20,"column":20},"end":{"line":20,"column":51}},"15":{"start":{"line":21,"column":20},"end":{"line":21,"column":51}},"16":{"start":{"line":22,"column":22},"end":{"line":22,"column":55}},"17":{"start":{"line":23,"column":23},"end":{"line":23,"column":57}},"18":{"start":{"line":26,"column":0},"end":{"line":26,"column":32}},"19":{"start":{"line":27,"column":0},"end":{"line":27,"column":40}},"20":{"start":{"line":28,"column":0},"end":{"line":28,"column":35}},"21":{"start":{"line":29,"column":0},"end":{"line":29,"column":29}},"22":{"start":{"line":30,"column":0},"end":{"line":30,"column":31}},"23":{"start":{"line":31,"column":0},"end":{"line":31,"column":31}},"24":{"start":{"line":32,"column":0},"end":{"line":32,"column":35}},"25":{"start":{"line":33,"column":0},"end":{"line":33,"column":37}},"26":{"start":{"line":35,"column":13},"end":{"line":35,"column":17}},"27":{"start":{"line":36,"column":0},"end":{"line":38,"column":3}},"28":{"start":{"line":37,"column":4},"end":{"line":37,"column":53}},"29":{"start":{"line":40,"column":0},"end":{"line":40,"column":21}}},"fnMap":{"0":{"name":"(anonymous_0)","decl":{"start":{"line":11,"column":13},"end":{"line":11,"column":14}},"loc":{"start":{"line":11,"column":27},"end":{"line":13,"column":1}},"line":11},"1":{"name":"(anonymous_1)","decl":{"start":{"line":36,"column":17},"end":{"line":36,"column":18}},"loc":{"start":{"line":36,"column":23},"end":{"line":38,"column":1}},"line":36}},"branchMap":{},"s":{"0":1,"1":1,"2":1,"3":1,"4":1,"5":1,"6":1,"7":1,"8":1,"9":0,"10":1,"11":1,"12":1,"13":1,"14":1,"15":1,"16":1,"17":1,"18":1,"19":1,"20":1,"21":1,"22":1,"23":1,"24":1,"25":1,"26":1,"27":1,"28":1,"29":1},"f":{"0":0,"1":1},"b":{},"_coverageSchema":"1a1c01bbd47fc00a2c39e90264f33305004495a9","hash":"f67157b012e0f924245f5ce7a448491922067313"}
,"C:\\Users\\Rene\\Documents\\GitHub\\nonprofit-volunteering-app\\backend\\connection.js": {"path":"C:\\Users\\Rene\\Documents\\GitHub\\nonprofit-volunteering-app\\backend\\connection.js","statementMap":{"0":{"start":{"line":1,"column":14},"end":{"line":1,"column":30}},"1":{"start":{"line":2,"column":12},"end":{"line":7,"column":2}},"2":{"start":{"line":9,"column":0},"end":{"line":15,"column":3}},"3":{"start":{"line":10,"column":4},"end":{"line":13,"column":5}},"4":{"start":{"line":11,"column":8},"end":{"line":11,"column":57}},"5":{"start":{"line":12,"column":8},"end":{"line":12,"column":18}},"6":{"start":{"line":14,"column":4},"end":{"line":14,"column":46}},"7":{"start":{"line":17,"column":0},"end":{"line":17,"column":21}}},"fnMap":{"0":{"name":"(anonymous_0)","decl":{"start":{"line":9,"column":12},"end":{"line":9,"column":13}},"loc":{"start":{"line":9,"column":27},"end":{"line":15,"column":1}},"line":9}},"branchMap":{"0":{"loc":{"start":{"line":10,"column":4},"end":{"line":13,"column":5}},"type":"if","locations":[{"start":{"line":10,"column":4},"end":{"line":13,"column":5}},{"start":{},"end":{}}],"line":10}},"s":{"0":6,"1":6,"2":6,"3":6,"4":0,"5":0,"6":6,"7":6},"f":{"0":6},"b":{"0":[0,6]},"_coverageSchema":"1a1c01bbd47fc00a2c39e90264f33305004495a9","hash":"1703c497ea4cfe9b3ad7d993f9b6b9d625854943"}
,"C:\\Users\\Rene\\Documents\\GitHub\\nonprofit-volunteering-app\\backend\\database\\db.js": {"path":"C:\\Users\\Rene\\Documents\\GitHub\\nonprofit-volunteering-app\\backend\\database\\db.js","statementMap":{"0":{"start":{"line":1,"column":12},"end":{"line":1,"column":36}},"1":{"start":{"line":3,"column":29},"end":{"line":15,"column":1}},"2":{"start":{"line":4,"column":4},"end":{"line":14,"column":7}},"3":{"start":{"line":5,"column":20},"end":{"line":5,"column":69}},"4":{"start":{"line":6,"column":8},"end":{"line":13,"column":11}},"5":{"start":{"line":7,"column":12},"end":{"line":7,"column":40}},"6":{"start":{"line":7,"column":21},"end":{"line":7,"column":40}},"7":{"start":{"line":8,"column":12},"end":{"line":12,"column":13}},"8":{"start":{"line":9,"column":16},"end":{"line":9,"column":44}},"9":{"start":{"line":11,"column":16},"end":{"line":11,"column":56}},"10":{"start":{"line":17,"column":19},"end":{"line":32,"column":1}},"11":{"start":{"line":18,"column":4},"end":{"line":31,"column":7}},"12":{"start":{"line":19,"column":20},"end":{"line":19,"column":78}},"13":{"start":{"line":20,"column":8},"end":{"line":30,"column":10}},"14":{"start":{"line":24,"column":16},"end":{"line":28,"column":17}},"15":{"start":{"line":25,"column":20},"end":{"line":25,"column":48}},"16":{"start":{"line":25,"column":29},"end":{"line":25,"column":48}},"17":{"start":{"line":27,"column":20},"end":{"line":27,"column":45}},"18":{"start":{"line":34,"column":26},"end":{"line":42,"column":1}},"19":{"start":{"line":35,"column":4},"end":{"line":41,"column":7}},"20":{"start":{"line":36,"column":20},"end":{"line":36,"column":62}},"21":{"start":{"line":37,"column":8},"end":{"line":40,"column":11}},"22":{"start":{"line":38,"column":12},"end":{"line":38,"column":40}},"23":{"start":{"line":38,"column":21},"end":{"line":38,"column":40}},"24":{"start":{"line":39,"column":12},"end":{"line":39,"column":58}},"25":{"start":{"line":44,"column":37},"end":{"line":53,"column":1}},"26":{"start":{"line":45,"column":4},"end":{"line":45,"column":35}},"27":{"start":{"line":46,"column":4},"end":{"line":52,"column":7}},"28":{"start":{"line":47,"column":20},"end":{"line":47,"column":81}},"29":{"start":{"line":48,"column":8},"end":{"line":51,"column":11}},"30":{"start":{"line":49,"column":12},"end":{"line":49,"column":40}},"31":{"start":{"line":49,"column":21},"end":{"line":49,"column":40}},"32":{"start":{"line":50,"column":12},"end":{"line":50,"column":31}},"33":{"start":{"line":55,"column":33},"end":{"line":63,"column":1}},"34":{"start":{"line":56,"column":4},"end":{"line":62,"column":7}},"35":{"start":{"line":57,"column":20},"end":{"line":57,"column":69}},"36":{"start":{"line":58,"column":8},"end":{"line":61,"column":11}},"37":{"start":{"line":59,"column":12},"end":{"line":59,"column":40}},"38":{"start":{"line":59,"column":21},"end":{"line":59,"column":40}},"39":{"start":{"line":60,"column":12},"end":{"line":60,"column":39}},"40":{"start":{"line":65,"column":22},"end":{"line":115,"column":1}},"41":{"start":{"line":66,"column":4},"end":{"line":114,"column":5}},"42":{"start":{"line":67,"column":24},"end":{"line":67,"column":72}},"43":{"start":{"line":70,"column":30},"end":{"line":70,"column":69}},"44":{"start":{"line":71,"column":8},"end":{"line":73,"column":9}},"45":{"start":{"line":72,"column":12},"end":{"line":72,"column":75}},"46":{"start":{"line":75,"column":8},"end":{"line":111,"column":11}},"47":{"start":{"line":86,"column":16},"end":{"line":86,"column":27}},"48":{"start":{"line":87,"column":24},"end":{"line":88,"column":63}},"49":{"start":{"line":90,"column":12},"end":{"line":110,"column":14}},"50":{"start":{"line":105,"column":20},"end":{"line":107,"column":21}},"51":{"start":{"line":106,"column":24},"end":{"line":106,"column":43}},"52":{"start":{"line":108,"column":20},"end":{"line":108,"column":45}},"53":{"start":{"line":113,"column":8},"end":{"line":113,"column":18}},"54":{"start":{"line":117,"column":23},"end":{"line":127,"column":1}},"55":{"start":{"line":118,"column":4},"end":{"line":126,"column":7}},"56":{"start":{"line":119,"column":20},"end":{"line":119,"column":45}},"57":{"start":{"line":120,"column":8},"end":{"line":125,"column":11}},"58":{"start":{"line":121,"column":12},"end":{"line":123,"column":13}},"59":{"start":{"line":122,"column":16},"end":{"line":122,"column":35}},"60":{"start":{"line":124,"column":12},"end":{"line":124,"column":29}},"61":{"start":{"line":130,"column":23},"end":{"line":140,"column":1}},"62":{"start":{"line":131,"column":4},"end":{"line":139,"column":7}},"63":{"start":{"line":132,"column":20},"end":{"line":132,"column":62}},"64":{"start":{"line":133,"column":8},"end":{"line":138,"column":11}},"65":{"start":{"line":134,"column":12},"end":{"line":136,"column":13}},"66":{"start":{"line":135,"column":16},"end":{"line":135,"column":35}},"67":{"start":{"line":137,"column":12},"end":{"line":137,"column":31}},"68":{"start":{"line":143,"column":22},"end":{"line":183,"column":1}},"69":{"start":{"line":144,"column":4},"end":{"line":182,"column":7}},"70":{"start":{"line":155,"column":12},"end":{"line":155,"column":23}},"71":{"start":{"line":157,"column":20},"end":{"line":159,"column":38}},"72":{"start":{"line":161,"column":8},"end":{"line":181,"column":10}},"73":{"start":{"line":176,"column":16},"end":{"line":178,"column":17}},"74":{"start":{"line":177,"column":20},"end":{"line":177,"column":39}},"75":{"start":{"line":179,"column":16},"end":{"line":179,"column":32}},"76":{"start":{"line":186,"column":22},"end":{"line":196,"column":1}},"77":{"start":{"line":187,"column":4},"end":{"line":195,"column":7}},"78":{"start":{"line":188,"column":20},"end":{"line":188,"column":60}},"79":{"start":{"line":189,"column":8},"end":{"line":194,"column":11}},"80":{"start":{"line":190,"column":12},"end":{"line":192,"column":13}},"81":{"start":{"line":191,"column":16},"end":{"line":191,"column":35}},"82":{"start":{"line":193,"column":12},"end":{"line":193,"column":28}},"83":{"start":{"line":201,"column":20},"end":{"line":238,"column":1}},"84":{"start":{"line":202,"column":4},"end":{"line":237,"column":5}},"85":{"start":{"line":203,"column":8},"end":{"line":234,"column":11}},"86":{"start":{"line":212,"column":16},"end":{"line":212,"column":25}},"87":{"start":{"line":213,"column":24},"end":{"line":214,"column":54}},"88":{"start":{"line":216,"column":12},"end":{"line":233,"column":14}},"89":{"start":{"line":228,"column":20},"end":{"line":230,"column":21}},"90":{"start":{"line":229,"column":24},"end":{"line":229,"column":43}},"91":{"start":{"line":231,"column":20},"end":{"line":231,"column":45}},"92":{"start":{"line":236,"column":8},"end":{"line":236,"column":18}},"93":{"start":{"line":241,"column":21},"end":{"line":253,"column":1}},"94":{"start":{"line":242,"column":4},"end":{"line":252,"column":7}},"95":{"start":{"line":243,"column":20},"end":{"line":243,"column":41}},"96":{"start":{"line":244,"column":8},"end":{"line":251,"column":11}},"97":{"start":{"line":245,"column":12},"end":{"line":248,"column":13}},"98":{"start":{"line":246,"column":16},"end":{"line":246,"column":61}},"99":{"start":{"line":247,"column":16},"end":{"line":247,"column":35}},"100":{"start":{"line":249,"column":12},"end":{"line":249,"column":52}},"101":{"start":{"line":250,"column":12},"end":{"line":250,"column":29}},"102":{"start":{"line":255,"column":20},"end":{"line":266,"column":1}},"103":{"start":{"line":256,"column":4},"end":{"line":265,"column":7}},"104":{"start":{"line":257,"column":20},"end":{"line":257,"column":58}},"105":{"start":{"line":258,"column":8},"end":{"line":264,"column":11}},"106":{"start":{"line":259,"column":12},"end":{"line":262,"column":13}},"107":{"start":{"line":260,"column":16},"end":{"line":260,"column":51}},"108":{"start":{"line":261,"column":16},"end":{"line":261,"column":35}},"109":{"start":{"line":263,"column":12},"end":{"line":263,"column":28}},"110":{"start":{"line":269,"column":22},"end":{"line":280,"column":1}},"111":{"start":{"line":270,"column":4},"end":{"line":279,"column":7}},"112":{"start":{"line":271,"column":20},"end":{"line":271,"column":58}},"113":{"start":{"line":272,"column":8},"end":{"line":278,"column":11}},"114":{"start":{"line":273,"column":12},"end":{"line":276,"column":13}},"115":{"start":{"line":274,"column":16},"end":{"line":274,"column":59}},"116":{"start":{"line":275,"column":16},"end":{"line":275,"column":35}},"117":{"start":{"line":277,"column":12},"end":{"line":277,"column":28}},"118":{"start":{"line":283,"column":19},"end":{"line":294,"column":1}},"119":{"start":{"line":284,"column":4},"end":{"line":293,"column":7}},"120":{"start":{"line":285,"column":20},"end":{"line":285,"column":69}},"121":{"start":{"line":286,"column":8},"end":{"line":292,"column":11}},"122":{"start":{"line":287,"column":12},"end":{"line":290,"column":13}},"123":{"start":{"line":288,"column":16},"end":{"line":288,"column":58}},"124":{"start":{"line":289,"column":16},"end":{"line":289,"column":35}},"125":{"start":{"line":291,"column":12},"end":{"line":291,"column":31}},"126":{"start":{"line":297,"column":21},"end":{"line":308,"column":1}},"127":{"start":{"line":298,"column":4},"end":{"line":307,"column":7}},"128":{"start":{"line":299,"column":20},"end":{"line":299,"column":60}},"129":{"start":{"line":300,"column":8},"end":{"line":306,"column":11}},"130":{"start":{"line":301,"column":12},"end":{"line":304,"column":13}},"131":{"start":{"line":302,"column":16},"end":{"line":302,"column":58}},"132":{"start":{"line":303,"column":16},"end":{"line":303,"column":35}},"133":{"start":{"line":305,"column":12},"end":{"line":305,"column":31}},"134":{"start":{"line":312,"column":22},"end":{"line":322,"column":1}},"135":{"start":{"line":313,"column":4},"end":{"line":321,"column":7}},"136":{"start":{"line":314,"column":20},"end":{"line":314,"column":65}},"137":{"start":{"line":315,"column":8},"end":{"line":320,"column":11}},"138":{"start":{"line":316,"column":12},"end":{"line":318,"column":13}},"139":{"start":{"line":317,"column":16},"end":{"line":317,"column":35}},"140":{"start":{"line":319,"column":12},"end":{"line":319,"column":28}},"141":{"start":{"line":325,"column":18},"end":{"line":335,"column":1}},"142":{"start":{"line":326,"column":4},"end":{"line":334,"column":7}},"143":{"start":{"line":327,"column":20},"end":{"line":327,"column":45}},"144":{"start":{"line":328,"column":8},"end":{"line":333,"column":11}},"145":{"start":{"line":329,"column":12},"end":{"line":331,"column":13}},"146":{"start":{"line":330,"column":16},"end":{"line":330,"column":35}},"147":{"start":{"line":332,"column":12},"end":{"line":332,"column":29}},"148":{"start":{"line":337,"column":22},"end":{"line":347,"column":1}},"149":{"start":{"line":338,"column":4},"end":{"line":346,"column":7}},"150":{"start":{"line":339,"column":20},"end":{"line":339,"column":53}},"151":{"start":{"line":340,"column":8},"end":{"line":345,"column":11}},"152":{"start":{"line":341,"column":12},"end":{"line":343,"column":13}},"153":{"start":{"line":342,"column":16},"end":{"line":342,"column":35}},"154":{"start":{"line":344,"column":12},"end":{"line":344,"column":29}},"155":{"start":{"line":350,"column":36},"end":{"line":362,"column":1}},"156":{"start":{"line":351,"column":4},"end":{"line":361,"column":7}},"157":{"start":{"line":352,"column":20},"end":{"line":356,"column":32}},"158":{"start":{"line":357,"column":8},"end":{"line":360,"column":11}},"159":{"start":{"line":358,"column":12},"end":{"line":358,"column":40}},"160":{"start":{"line":358,"column":21},"end":{"line":358,"column":40}},"161":{"start":{"line":359,"column":12},"end":{"line":359,"column":29}},"162":{"start":{"line":365,"column":26},"end":{"line":374,"column":1}},"163":{"start":{"line":366,"column":4},"end":{"line":373,"column":7}},"164":{"start":{"line":368,"column":12},"end":{"line":368,"column":115}},"165":{"start":{"line":369,"column":8},"end":{"line":372,"column":11}},"166":{"start":{"line":370,"column":12},"end":{"line":370,"column":40}},"167":{"start":{"line":370,"column":21},"end":{"line":370,"column":40}},"168":{"start":{"line":371,"column":12},"end":{"line":371,"column":37}},"169":{"start":{"line":376,"column":30},"end":{"line":384,"column":1}},"170":{"start":{"line":377,"column":4},"end":{"line":383,"column":7}},"171":{"start":{"line":378,"column":20},"end":{"line":378,"column":104}},"172":{"start":{"line":379,"column":8},"end":{"line":382,"column":11}},"173":{"start":{"line":380,"column":12},"end":{"line":380,"column":40}},"174":{"start":{"line":380,"column":21},"end":{"line":380,"column":40}},"175":{"start":{"line":381,"column":12},"end":{"line":381,"column":45}},"176":{"start":{"line":387,"column":33},"end":{"line":398,"column":1}},"177":{"start":{"line":388,"column":4},"end":{"line":397,"column":7}},"178":{"start":{"line":389,"column":20},"end":{"line":392,"column":31}},"179":{"start":{"line":393,"column":8},"end":{"line":396,"column":11}},"180":{"start":{"line":394,"column":12},"end":{"line":394,"column":40}},"181":{"start":{"line":394,"column":21},"end":{"line":394,"column":40}},"182":{"start":{"line":395,"column":12},"end":{"line":395,"column":45}},"183":{"start":{"line":400,"column":0},"end":{"line":426,"column":2}}},"fnMap":{"0":{"name":"(anonymous_0)","decl":{"start":{"line":3,"column":29},"end":{"line":3,"column":30}},"loc":{"start":{"line":3,"column":43},"end":{"line":15,"column":1}},"line":3},"1":{"name":"(anonymous_1)","decl":{"start":{"line":4,"column":23},"end":{"line":4,"column":24}},"loc":{"start":{"line":4,"column":44},"end":{"line":14,"column":5}},"line":4},"2":{"name":"(anonymous_2)","decl":{"start":{"line":6,"column":35},"end":{"line":6,"column":36}},"loc":{"start":{"line":6,"column":52},"end":{"line":13,"column":9}},"line":6},"3":{"name":"(anonymous_3)","decl":{"start":{"line":17,"column":19},"end":{"line":17,"column":20}},"loc":{"start":{"line":17,"column":33},"end":{"line":32,"column":1}},"line":17},"4":{"name":"(anonymous_4)","decl":{"start":{"line":18,"column":23},"end":{"line":18,"column":24}},"loc":{"start":{"line":18,"column":44},"end":{"line":31,"column":5}},"line":18},"5":{"name":"(anonymous_5)","decl":{"start":{"line":23,"column":12},"end":{"line":23,"column":13}},"loc":{"start":{"line":23,"column":29},"end":{"line":29,"column":13}},"line":23},"6":{"name":"(anonymous_6)","decl":{"start":{"line":34,"column":26},"end":{"line":34,"column":27}},"loc":{"start":{"line":34,"column":40},"end":{"line":42,"column":1}},"line":34},"7":{"name":"(anonymous_7)","decl":{"start":{"line":35,"column":23},"end":{"line":35,"column":24}},"loc":{"start":{"line":35,"column":44},"end":{"line":41,"column":5}},"line":35},"8":{"name":"(anonymous_8)","decl":{"start":{"line":37,"column":35},"end":{"line":37,"column":36}},"loc":{"start":{"line":37,"column":52},"end":{"line":40,"column":9}},"line":37},"9":{"name":"(anonymous_9)","decl":{"start":{"line":44,"column":37},"end":{"line":44,"column":38}},"loc":{"start":{"line":44,"column":61},"end":{"line":53,"column":1}},"line":44},"10":{"name":"(anonymous_10)","decl":{"start":{"line":46,"column":23},"end":{"line":46,"column":24}},"loc":{"start":{"line":46,"column":44},"end":{"line":52,"column":5}},"line":46},"11":{"name":"(anonymous_11)","decl":{"start":{"line":48,"column":45},"end":{"line":48,"column":46}},"loc":{"start":{"line":48,"column":62},"end":{"line":51,"column":9}},"line":48},"12":{"name":"(anonymous_12)","decl":{"start":{"line":55,"column":33},"end":{"line":55,"column":34}},"loc":{"start":{"line":55,"column":46},"end":{"line":63,"column":1}},"line":55},"13":{"name":"(anonymous_13)","decl":{"start":{"line":56,"column":23},"end":{"line":56,"column":24}},"loc":{"start":{"line":56,"column":44},"end":{"line":62,"column":5}},"line":56},"14":{"name":"(anonymous_14)","decl":{"start":{"line":58,"column":34},"end":{"line":58,"column":35}},"loc":{"start":{"line":58,"column":51},"end":{"line":61,"column":9}},"line":58},"15":{"name":"(anonymous_15)","decl":{"start":{"line":65,"column":22},"end":{"line":65,"column":23}},"loc":{"start":{"line":65,"column":45},"end":{"line":115,"column":1}},"line":65},"16":{"name":"(anonymous_16)","decl":{"start":{"line":75,"column":27},"end":{"line":75,"column":28}},"loc":{"start":{"line":75,"column":48},"end":{"line":111,"column":9}},"line":75},"17":{"name":"(anonymous_17)","decl":{"start":{"line":104,"column":16},"end":{"line":104,"column":17}},"loc":{"start":{"line":104,"column":33},"end":{"line":109,"column":17}},"line":104},"18":{"name":"(anonymous_18)","decl":{"start":{"line":117,"column":23},"end":{"line":117,"column":24}},"loc":{"start":{"line":117,"column":29},"end":{"line":127,"column":1}},"line":117},"19":{"name":"(anonymous_19)","decl":{"start":{"line":118,"column":23},"end":{"line":118,"column":24}},"loc":{"start":{"line":118,"column":44},"end":{"line":126,"column":5}},"line":118},"20":{"name":"(anonymous_20)","decl":{"start":{"line":120,"column":23},"end":{"line":120,"column":24}},"loc":{"start":{"line":120,"column":41},"end":{"line":125,"column":9}},"line":120},"21":{"name":"(anonymous_21)","decl":{"start":{"line":130,"column":23},"end":{"line":130,"column":24}},"loc":{"start":{"line":130,"column":31},"end":{"line":140,"column":1}},"line":130},"22":{"name":"(anonymous_22)","decl":{"start":{"line":131,"column":23},"end":{"line":131,"column":24}},"loc":{"start":{"line":131,"column":44},"end":{"line":139,"column":5}},"line":131},"23":{"name":"(anonymous_23)","decl":{"start":{"line":133,"column":29},"end":{"line":133,"column":30}},"loc":{"start":{"line":133,"column":46},"end":{"line":138,"column":9}},"line":133},"24":{"name":"(anonymous_24)","decl":{"start":{"line":143,"column":22},"end":{"line":143,"column":23}},"loc":{"start":{"line":143,"column":43},"end":{"line":183,"column":1}},"line":143},"25":{"name":"(anonymous_25)","decl":{"start":{"line":144,"column":23},"end":{"line":144,"column":24}},"loc":{"start":{"line":144,"column":44},"end":{"line":182,"column":5}},"line":144},"26":{"name":"(anonymous_26)","decl":{"start":{"line":175,"column":12},"end":{"line":175,"column":13}},"loc":{"start":{"line":175,"column":29},"end":{"line":180,"column":13}},"line":175},"27":{"name":"(anonymous_27)","decl":{"start":{"line":186,"column":22},"end":{"line":186,"column":23}},"loc":{"start":{"line":186,"column":30},"end":{"line":196,"column":1}},"line":186},"28":{"name":"(anonymous_28)","decl":{"start":{"line":187,"column":23},"end":{"line":187,"column":24}},"loc":{"start":{"line":187,"column":44},"end":{"line":195,"column":5}},"line":187},"29":{"name":"(anonymous_29)","decl":{"start":{"line":189,"column":29},"end":{"line":189,"column":30}},"loc":{"start":{"line":189,"column":46},"end":{"line":194,"column":9}},"line":189},"30":{"name":"(anonymous_30)","decl":{"start":{"line":201,"column":20},"end":{"line":201,"column":21}},"loc":{"start":{"line":201,"column":41},"end":{"line":238,"column":1}},"line":201},"31":{"name":"(anonymous_31)","decl":{"start":{"line":203,"column":27},"end":{"line":203,"column":28}},"loc":{"start":{"line":203,"column":48},"end":{"line":234,"column":9}},"line":203},"32":{"name":"(anonymous_32)","decl":{"start":{"line":227,"column":16},"end":{"line":227,"column":17}},"loc":{"start":{"line":227,"column":33},"end":{"line":232,"column":17}},"line":227},"33":{"name":"(anonymous_33)","decl":{"start":{"line":241,"column":21},"end":{"line":241,"column":22}},"loc":{"start":{"line":241,"column":27},"end":{"line":253,"column":1}},"line":241},"34":{"name":"(anonymous_34)","decl":{"start":{"line":242,"column":23},"end":{"line":242,"column":24}},"loc":{"start":{"line":242,"column":44},"end":{"line":252,"column":5}},"line":242},"35":{"name":"(anonymous_35)","decl":{"start":{"line":244,"column":23},"end":{"line":244,"column":24}},"loc":{"start":{"line":244,"column":41},"end":{"line":251,"column":9}},"line":244},"36":{"name":"(anonymous_36)","decl":{"start":{"line":255,"column":20},"end":{"line":255,"column":21}},"loc":{"start":{"line":255,"column":28},"end":{"line":266,"column":1}},"line":255},"37":{"name":"(anonymous_37)","decl":{"start":{"line":256,"column":23},"end":{"line":256,"column":24}},"loc":{"start":{"line":256,"column":44},"end":{"line":265,"column":5}},"line":256},"38":{"name":"(anonymous_38)","decl":{"start":{"line":258,"column":29},"end":{"line":258,"column":30}},"loc":{"start":{"line":258,"column":46},"end":{"line":264,"column":9}},"line":258},"39":{"name":"(anonymous_39)","decl":{"start":{"line":269,"column":22},"end":{"line":269,"column":23}},"loc":{"start":{"line":269,"column":30},"end":{"line":280,"column":1}},"line":269},"40":{"name":"(anonymous_40)","decl":{"start":{"line":270,"column":23},"end":{"line":270,"column":24}},"loc":{"start":{"line":270,"column":44},"end":{"line":279,"column":5}},"line":270},"41":{"name":"(anonymous_41)","decl":{"start":{"line":272,"column":29},"end":{"line":272,"column":30}},"loc":{"start":{"line":272,"column":46},"end":{"line":278,"column":9}},"line":272},"42":{"name":"(anonymous_42)","decl":{"start":{"line":283,"column":19},"end":{"line":283,"column":20}},"loc":{"start":{"line":283,"column":29},"end":{"line":294,"column":1}},"line":283},"43":{"name":"(anonymous_43)","decl":{"start":{"line":284,"column":23},"end":{"line":284,"column":24}},"loc":{"start":{"line":284,"column":44},"end":{"line":293,"column":5}},"line":284},"44":{"name":"(anonymous_44)","decl":{"start":{"line":286,"column":31},"end":{"line":286,"column":32}},"loc":{"start":{"line":286,"column":48},"end":{"line":292,"column":9}},"line":286},"45":{"name":"(anonymous_45)","decl":{"start":{"line":297,"column":21},"end":{"line":297,"column":22}},"loc":{"start":{"line":297,"column":29},"end":{"line":308,"column":1}},"line":297},"46":{"name":"(anonymous_46)","decl":{"start":{"line":298,"column":23},"end":{"line":298,"column":24}},"loc":{"start":{"line":298,"column":44},"end":{"line":307,"column":5}},"line":298},"47":{"name":"(anonymous_47)","decl":{"start":{"line":300,"column":29},"end":{"line":300,"column":30}},"loc":{"start":{"line":300,"column":46},"end":{"line":306,"column":9}},"line":300},"48":{"name":"(anonymous_48)","decl":{"start":{"line":312,"column":22},"end":{"line":312,"column":23}},"loc":{"start":{"line":312,"column":32},"end":{"line":322,"column":1}},"line":312},"49":{"name":"(anonymous_49)","decl":{"start":{"line":313,"column":23},"end":{"line":313,"column":24}},"loc":{"start":{"line":313,"column":44},"end":{"line":321,"column":5}},"line":313},"50":{"name":"(anonymous_50)","decl":{"start":{"line":315,"column":31},"end":{"line":315,"column":32}},"loc":{"start":{"line":315,"column":48},"end":{"line":320,"column":9}},"line":315},"51":{"name":"(anonymous_51)","decl":{"start":{"line":325,"column":18},"end":{"line":325,"column":19}},"loc":{"start":{"line":325,"column":24},"end":{"line":335,"column":1}},"line":325},"52":{"name":"(anonymous_52)","decl":{"start":{"line":326,"column":23},"end":{"line":326,"column":24}},"loc":{"start":{"line":326,"column":44},"end":{"line":334,"column":5}},"line":326},"53":{"name":"(anonymous_53)","decl":{"start":{"line":328,"column":23},"end":{"line":328,"column":24}},"loc":{"start":{"line":328,"column":41},"end":{"line":333,"column":9}},"line":328},"54":{"name":"(anonymous_54)","decl":{"start":{"line":337,"column":22},"end":{"line":337,"column":23}},"loc":{"start":{"line":337,"column":28},"end":{"line":347,"column":1}},"line":337},"55":{"name":"(anonymous_55)","decl":{"start":{"line":338,"column":23},"end":{"line":338,"column":24}},"loc":{"start":{"line":338,"column":44},"end":{"line":346,"column":5}},"line":338},"56":{"name":"(anonymous_56)","decl":{"start":{"line":340,"column":23},"end":{"line":340,"column":24}},"loc":{"start":{"line":340,"column":41},"end":{"line":345,"column":9}},"line":340},"57":{"name":"(anonymous_57)","decl":{"start":{"line":350,"column":36},"end":{"line":350,"column":37}},"loc":{"start":{"line":350,"column":48},"end":{"line":362,"column":1}},"line":350},"58":{"name":"(anonymous_58)","decl":{"start":{"line":351,"column":23},"end":{"line":351,"column":24}},"loc":{"start":{"line":351,"column":44},"end":{"line":361,"column":5}},"line":351},"59":{"name":"(anonymous_59)","decl":{"start":{"line":357,"column":33},"end":{"line":357,"column":34}},"loc":{"start":{"line":357,"column":51},"end":{"line":360,"column":9}},"line":357},"60":{"name":"(anonymous_60)","decl":{"start":{"line":365,"column":26},"end":{"line":365,"column":27}},"loc":{"start":{"line":365,"column":46},"end":{"line":374,"column":1}},"line":365},"61":{"name":"(anonymous_61)","decl":{"start":{"line":366,"column":23},"end":{"line":366,"column":24}},"loc":{"start":{"line":366,"column":44},"end":{"line":373,"column":5}},"line":366},"62":{"name":"(anonymous_62)","decl":{"start":{"line":369,"column":41},"end":{"line":369,"column":42}},"loc":{"start":{"line":369,"column":58},"end":{"line":372,"column":9}},"line":369},"63":{"name":"(anonymous_63)","decl":{"start":{"line":376,"column":30},"end":{"line":376,"column":31}},"loc":{"start":{"line":376,"column":50},"end":{"line":384,"column":1}},"line":376},"64":{"name":"(anonymous_64)","decl":{"start":{"line":377,"column":23},"end":{"line":377,"column":24}},"loc":{"start":{"line":377,"column":44},"end":{"line":383,"column":5}},"line":377},"65":{"name":"(anonymous_65)","decl":{"start":{"line":379,"column":41},"end":{"line":379,"column":42}},"loc":{"start":{"line":379,"column":58},"end":{"line":382,"column":9}},"line":379},"66":{"name":"(anonymous_66)","decl":{"start":{"line":387,"column":33},"end":{"line":387,"column":34}},"loc":{"start":{"line":387,"column":53},"end":{"line":398,"column":1}},"line":387},"67":{"name":"(anonymous_67)","decl":{"start":{"line":388,"column":23},"end":{"line":388,"column":24}},"loc":{"start":{"line":388,"column":44},"end":{"line":397,"column":5}},"line":388},"68":{"name":"(anonymous_68)","decl":{"start":{"line":393,"column":41},"end":{"line":393,"column":42}},"loc":{"start":{"line":393,"column":58},"end":{"line":396,"column":9}},"line":393}},"branchMap":{"0":{"loc":{"start":{"line":7,"column":12},"end":{"line":7,"column":40}},"type":"if","locations":[{"start":{"line":7,"column":12},"end":{"line":7,"column":40}},{"start":{},"end":{}}],"line":7},"1":{"loc":{"start":{"line":8,"column":12},"end":{"line":12,"column":13}},"type":"if","locations":[{"start":{"line":8,"column":12},"end":{"line":12,"column":13}},{"start":{"line":10,"column":19},"end":{"line":12,"column":13}}],"line":8},"2":{"loc":{"start":{"line":24,"column":16},"end":{"line":28,"column":17}},"type":"if","locations":[{"start":{"line":24,"column":16},"end":{"line":28,"column":17}},{"start":{"line":26,"column":23},"end":{"line":28,"column":17}}],"line":24},"3":{"loc":{"start":{"line":24,"column":20},"end":{"line":24,"column":48}},"type":"binary-expr","locations":[{"start":{"line":24,"column":20},"end":{"line":24,"column":28}},{"start":{"line":24,"column":32},"end":{"line":24,"column":48}}],"line":24},"4":{"loc":{"start":{"line":25,"column":20},"end":{"line":25,"column":48}},"type":"if","locations":[{"start":{"line":25,"column":20},"end":{"line":25,"column":48}},{"start":{},"end":{}}],"line":25},"5":{"loc":{"start":{"line":38,"column":12},"end":{"line":38,"column":40}},"type":"if","locations":[{"start":{"line":38,"column":12},"end":{"line":38,"column":40}},{"start":{},"end":{}}],"line":38},"6":{"loc":{"start":{"line":39,"column":20},"end":{"line":39,"column":56}},"type":"cond-expr","locations":[{"start":{"line":39,"column":40},"end":{"line":39,"column":49}},{"start":{"line":39,"column":52},"end":{"line":39,"column":56}}],"line":39},"7":{"loc":{"start":{"line":49,"column":12},"end":{"line":49,"column":40}},"type":"if","locations":[{"start":{"line":49,"column":12},"end":{"line":49,"column":40}},{"start":{},"end":{}}],"line":49},"8":{"loc":{"start":{"line":59,"column":12},"end":{"line":59,"column":40}},"type":"if","locations":[{"start":{"line":59,"column":12},"end":{"line":59,"column":40}},{"start":{},"end":{}}],"line":59},"9":{"loc":{"start":{"line":71,"column":8},"end":{"line":73,"column":9}},"type":"if","locations":[{"start":{"line":71,"column":8},"end":{"line":73,"column":9}},{"start":{},"end":{}}],"line":71},"10":{"loc":{"start":{"line":105,"column":20},"end":{"line":107,"column":21}},"type":"if","locations":[{"start":{"line":105,"column":20},"end":{"line":107,"column":21}},{"start":{},"end":{}}],"line":105},"11":{"loc":{"start":{"line":121,"column":12},"end":{"line":123,"column":13}},"type":"if","locations":[{"start":{"line":121,"column":12},"end":{"line":123,"column":13}},{"start":{},"end":{}}],"line":121},"12":{"loc":{"start":{"line":134,"column":12},"end":{"line":136,"column":13}},"type":"if","locations":[{"start":{"line":134,"column":12},"end":{"line":136,"column":13}},{"start":{},"end":{}}],"line":134},"13":{"loc":{"start":{"line":176,"column":16},"end":{"line":178,"column":17}},"type":"if","locations":[{"start":{"line":176,"column":16},"end":{"line":178,"column":17}},{"start":{},"end":{}}],"line":176},"14":{"loc":{"start":{"line":190,"column":12},"end":{"line":192,"column":13}},"type":"if","locations":[{"start":{"line":190,"column":12},"end":{"line":192,"column":13}},{"start":{},"end":{}}],"line":190},"15":{"loc":{"start":{"line":228,"column":20},"end":{"line":230,"column":21}},"type":"if","locations":[{"start":{"line":228,"column":20},"end":{"line":230,"column":21}},{"start":{},"end":{}}],"line":228},"16":{"loc":{"start":{"line":245,"column":12},"end":{"line":248,"column":13}},"type":"if","locations":[{"start":{"line":245,"column":12},"end":{"line":248,"column":13}},{"start":{},"end":{}}],"line":245},"17":{"loc":{"start":{"line":259,"column":12},"end":{"line":262,"column":13}},"type":"if","locations":[{"start":{"line":259,"column":12},"end":{"line":262,"column":13}},{"start":{},"end":{}}],"line":259},"18":{"loc":{"start":{"line":273,"column":12},"end":{"line":276,"column":13}},"type":"if","locations":[{"start":{"line":273,"column":12},"end":{"line":276,"column":13}},{"start":{},"end":{}}],"line":273},"19":{"loc":{"start":{"line":287,"column":12},"end":{"line":290,"column":13}},"type":"if","locations":[{"start":{"line":287,"column":12},"end":{"line":290,"column":13}},{"start":{},"end":{}}],"line":287},"20":{"loc":{"start":{"line":301,"column":12},"end":{"line":304,"column":13}},"type":"if","locations":[{"start":{"line":301,"column":12},"end":{"line":304,"column":13}},{"start":{},"end":{}}],"line":301},"21":{"loc":{"start":{"line":316,"column":12},"end":{"line":318,"column":13}},"type":"if","locations":[{"start":{"line":316,"column":12},"end":{"line":318,"column":13}},{"start":{},"end":{}}],"line":316},"22":{"loc":{"start":{"line":329,"column":12},"end":{"line":331,"column":13}},"type":"if","locations":[{"start":{"line":329,"column":12},"end":{"line":331,"column":13}},{"start":{},"end":{}}],"line":329},"23":{"loc":{"start":{"line":341,"column":12},"end":{"line":343,"column":13}},"type":"if","locations":[{"start":{"line":341,"column":12},"end":{"line":343,"column":13}},{"start":{},"end":{}}],"line":341},"24":{"loc":{"start":{"line":358,"column":12},"end":{"line":358,"column":40}},"type":"if","locations":[{"start":{"line":358,"column":12},"end":{"line":358,"column":40}},{"start":{},"end":{}}],"line":358},"25":{"loc":{"start":{"line":370,"column":12},"end":{"line":370,"column":40}},"type":"if","locations":[{"start":{"line":370,"column":12},"end":{"line":370,"column":40}},{"start":{},"end":{}}],"line":370},"26":{"loc":{"start":{"line":380,"column":12},"end":{"line":380,"column":40}},"type":"if","locations":[{"start":{"line":380,"column":12},"end":{"line":380,"column":40}},{"start":{},"end":{}}],"line":380},"27":{"loc":{"start":{"line":394,"column":12},"end":{"line":394,"column":40}},"type":"if","locations":[{"start":{"line":394,"column":12},"end":{"line":394,"column":40}},{"start":{},"end":{}}],"line":394}},"s":{"0":7,"1":7,"2":2,"3":2,"4":2,"5":2,"6":0,"7":2,"8":1,"9":1,"10":7,"11":0,"12":0,"13":0,"14":0,"15":0,"16":0,"17":0,"18":7,"19":7,"20":7,"21":7,"22":7,"23":0,"24":7,"25":7,"26":2,"27":2,"28":2,"29":2,"30":2,"31":0,"32":2,"33":7,"34":1,"35":1,"36":1,"37":1,"38":0,"39":1,"40":7,"41":2,"42":2,"43":1,"44":1,"45":0,"46":1,"47":1,"48":1,"49":1,"50":1,"51":0,"52":1,"53":1,"54":7,"55":2,"56":2,"57":2,"58":2,"59":0,"60":2,"61":7,"62":2,"63":2,"64":2,"65":2,"66":0,"67":2,"68":7,"69":0,"70":0,"71":0,"72":0,"73":0,"74":0,"75":0,"76":7,"77":0,"78":0,"79":0,"80":0,"81":0,"82":0,"83":7,"84":0,"85":0,"86":0,"87":0,"88":0,"89":0,"90":0,"91":0,"92":0,"93":7,"94":1,"95":1,"96":1,"97":1,"98":0,"99":0,"100":1,"101":1,"102":7,"103":0,"104":0,"105":0,"106":0,"107":0,"108":0,"109":0,"110":7,"111":1,"112":1,"113":1,"114":1,"115":0,"116":0,"117":1,"118":7,"119":0,"120":0,"121":0,"122":0,"123":0,"124":0,"125":0,"126":7,"127":2,"128":2,"129":2,"130":2,"131":0,"132":0,"133":2,"134":7,"135":5,"136":5,"137":5,"138":5,"139":0,"140":5,"141":7,"142":3,"143":3,"144":3,"145":3,"146":0,"147":3,"148":7,"149":0,"150":0,"151":0,"152":0,"153":0,"154":0,"155":7,"156":0,"157":0,"158":0,"159":0,"160":0,"161":0,"162":7,"163":0,"164":0,"165":0,"166":0,"167":0,"168":0,"169":7,"170":0,"171":0,"172":0,"173":0,"174":0,"175":0,"176":7,"177":0,"178":0,"179":0,"180":0,"181":0,"182":0,"183":7},"f":{"0":2,"1":2,"2":2,"3":0,"4":0,"5":0,"6":7,"7":7,"8":7,"9":2,"10":2,"11":2,"12":1,"13":1,"14":1,"15":2,"16":1,"17":1,"18":2,"19":2,"20":2,"21":2,"22":2,"23":2,"24":0,"25":0,"26":0,"27":0,"28":0,"29":0,"30":0,"31":0,"32":0,"33":1,"34":1,"35":1,"36":0,"37":0,"38":0,"39":1,"40":1,"41":1,"42":0,"43":0,"44":0,"45":2,"46":2,"47":2,"48":5,"49":5,"50":5,"51":3,"52":3,"53":3,"54":0,"55":0,"56":0,"57":0,"58":0,"59":0,"60":0,"61":0,"62":0,"63":0,"64":0,"65":0,"66":0,"67":0,"68":0},"b":{"0":[0,2],"1":[1,1],"2":[0,0],"3":[0,0],"4":[0,0],"5":[0,7],"6":[7,0],"7":[0,2],"8":[0,1],"9":[0,1],"10":[0,1],"11":[0,2],"12":[0,2],"13":[0,0],"14":[0,0],"15":[0,0],"16":[0,1],"17":[0,0],"18":[0,1],"19":[0,0],"20":[0,2],"21":[0,5],"22":[0,3],"23":[0,0],"24":[0,0],"25":[0,0],"26":[0,0],"27":[0,0]},"_coverageSchema":"1a1c01bbd47fc00a2c39e90264f33305004495a9","hash":"27f224d784a84bbcd620caa93cfb9c245bfd65c1"}
,"C:\\Users\\Rene\\Documents\\GitHub\\nonprofit-volunteering-app\\backend\\routes\\LoginRouter.js": {"path":"C:\\Users\\Rene\\Documents\\GitHub\\nonprofit-volunteering-app\\backend\\routes\\LoginRouter.js","statementMap":{"0":{"start":{"line":1,"column":21},"end":{"line":1,"column":48}},"1":{"start":{"line":2,"column":11},"end":{"line":2,"column":36}},"2":{"start":{"line":3,"column":16},"end":{"line":3,"column":34}},"3":{"start":{"line":4,"column":15},"end":{"line":4,"column":31}},"4":{"start":{"line":6,"column":0},"end":{"line":33,"column":3}},"5":{"start":{"line":7,"column":35},"end":{"line":7,"column":43}},"6":{"start":{"line":9,"column":4},"end":{"line":11,"column":5}},"7":{"start":{"line":10,"column":8},"end":{"line":10,"column":76}},"8":{"start":{"line":13,"column":4},"end":{"line":32,"column":5}},"9":{"start":{"line":14,"column":8},"end":{"line":14,"column":57}},"10":{"start":{"line":15,"column":21},"end":{"line":15,"column":78}},"11":{"start":{"line":16,"column":8},"end":{"line":20,"column":9}},"12":{"start":{"line":17,"column":12},"end":{"line":19,"column":67}},"13":{"start":{"line":22,"column":8},"end":{"line":25,"column":11}},"14":{"start":{"line":27,"column":8},"end":{"line":27,"column":52}},"15":{"start":{"line":28,"column":8},"end":{"line":31,"column":11}},"16":{"start":{"line":35,"column":0},"end":{"line":35,"column":24}}},"fnMap":{"0":{"name":"(anonymous_0)","decl":{"start":{"line":6,"column":17},"end":{"line":6,"column":18}},"loc":{"start":{"line":6,"column":37},"end":{"line":33,"column":1}},"line":6}},"branchMap":{"0":{"loc":{"start":{"line":9,"column":4},"end":{"line":11,"column":5}},"type":"if","locations":[{"start":{"line":9,"column":4},"end":{"line":11,"column":5}},{"start":{},"end":{}}],"line":9},"1":{"loc":{"start":{"line":9,"column":8},"end":{"line":9,"column":30}},"type":"binary-expr","locations":[{"start":{"line":9,"column":8},"end":{"line":9,"column":17}},{"start":{"line":9,"column":21},"end":{"line":9,"column":30}}],"line":9},"2":{"loc":{"start":{"line":16,"column":8},"end":{"line":20,"column":9}},"type":"if","locations":[{"start":{"line":16,"column":8},"end":{"line":20,"column":9}},{"start":{},"end":{}}],"line":16}},"s":{"0":2,"1":2,"2":2,"3":2,"4":2,"5":3,"6":3,"7":1,"8":2,"9":2,"10":2,"11":2,"12":2,"13":0,"14":0,"15":0,"16":2},"f":{"0":3},"b":{"0":[1,2],"1":[3,3],"2":[2,0]},"_coverageSchema":"1a1c01bbd47fc00a2c39e90264f33305004495a9","hash":"cc1df004568f68f8ade811db8b7f856424c1be70"}
,"C:\\Users\\Rene\\Documents\\GitHub\\nonprofit-volunteering-app\\backend\\routes\\ProfileRouter.js": {"path":"C:\\Users\\Rene\\Documents\\GitHub\\nonprofit-volunteering-app\\backend\\routes\\ProfileRouter.js","statementMap":{"0":{"start":{"line":1,"column":16},"end":{"line":1,"column":34}},"1":{"start":{"line":2,"column":15},"end":{"line":2,"column":31}},"2":{"start":{"line":3,"column":11},"end":{"line":3,"column":36}},"3":{"start":{"line":6,"column":24},"end":{"line":57,"column":1}},"4":{"start":{"line":7,"column":17},"end":{"line":7,"column":19}},"5":{"start":{"line":9,"column":4},"end":{"line":11,"column":7}},"6":{"start":{"line":10,"column":8},"end":{"line":10,"column":45}},"7":{"start":{"line":12,"column":6},"end":{"line":14,"column":7}},"8":{"start":{"line":13,"column":8},"end":{"line":13,"column":82}},"9":{"start":{"line":17,"column":4},"end":{"line":19,"column":5}},"10":{"start":{"line":18,"column":8},"end":{"line":18,"column":82}},"11":{"start":{"line":22,"column":4},"end":{"line":24,"column":5}},"12":{"start":{"line":23,"column":8},"end":{"line":23,"column":83}},"13":{"start":{"line":27,"column":4},"end":{"line":29,"column":5}},"14":{"start":{"line":28,"column":8},"end":{"line":28,"column":79}},"15":{"start":{"line":32,"column":4},"end":{"line":34,"column":5}},"16":{"start":{"line":33,"column":8},"end":{"line":33,"column":77}},"17":{"start":{"line":37,"column":4},"end":{"line":39,"column":5}},"18":{"start":{"line":38,"column":8},"end":{"line":38,"column":75}},"19":{"start":{"line":42,"column":4},"end":{"line":44,"column":5}},"20":{"start":{"line":43,"column":8},"end":{"line":43,"column":68}},"21":{"start":{"line":47,"column":4},"end":{"line":49,"column":5}},"22":{"start":{"line":48,"column":8},"end":{"line":48,"column":55}},"23":{"start":{"line":52,"column":4},"end":{"line":54,"column":5}},"24":{"start":{"line":53,"column":8},"end":{"line":53,"column":64}},"25":{"start":{"line":56,"column":4},"end":{"line":56,"column":18}},"26":{"start":{"line":59,"column":0},"end":{"line":81,"column":5}},"27":{"start":{"line":60,"column":108},"end":{"line":60,"column":116}},"28":{"start":{"line":63,"column":4},"end":{"line":63,"column":52}},"29":{"start":{"line":65,"column":23},"end":{"line":65,"column":118}},"30":{"start":{"line":66,"column":29},"end":{"line":66,"column":56}},"31":{"start":{"line":68,"column":4},"end":{"line":71,"column":5}},"32":{"start":{"line":69,"column":6},"end":{"line":69,"column":58}},"33":{"start":{"line":70,"column":6},"end":{"line":70,"column":94}},"34":{"start":{"line":73,"column":4},"end":{"line":80,"column":5}},"35":{"start":{"line":74,"column":24},"end":{"line":74,"column":58}},"36":{"start":{"line":75,"column":6},"end":{"line":75,"column":57}},"37":{"start":{"line":76,"column":6},"end":{"line":76,"column":83}},"38":{"start":{"line":78,"column":6},"end":{"line":78,"column":64}},"39":{"start":{"line":79,"column":6},"end":{"line":79,"column":98}},"40":{"start":{"line":86,"column":0},"end":{"line":93,"column":3}},"41":{"start":{"line":87,"column":4},"end":{"line":92,"column":5}},"42":{"start":{"line":88,"column":25},"end":{"line":88,"column":50}},"43":{"start":{"line":89,"column":8},"end":{"line":89,"column":27}},"44":{"start":{"line":91,"column":8},"end":{"line":91,"column":107}},"45":{"start":{"line":96,"column":0},"end":{"line":106,"column":3}},"46":{"start":{"line":97,"column":4},"end":{"line":105,"column":5}},"47":{"start":{"line":98,"column":24},"end":{"line":98,"column":62}},"48":{"start":{"line":99,"column":8},"end":{"line":101,"column":9}},"49":{"start":{"line":100,"column":12},"end":{"line":100,"column":74}},"50":{"start":{"line":102,"column":8},"end":{"line":102,"column":26}},"51":{"start":{"line":104,"column":8},"end":{"line":104,"column":106}},"52":{"start":{"line":108,"column":0},"end":{"line":108,"column":24}}},"fnMap":{"0":{"name":"(anonymous_0)","decl":{"start":{"line":6,"column":24},"end":{"line":6,"column":25}},"loc":{"start":{"line":6,"column":37},"end":{"line":57,"column":1}},"line":6},"1":{"name":"(anonymous_1)","decl":{"start":{"line":59,"column":23},"end":{"line":59,"column":24}},"loc":{"start":{"line":59,"column":43},"end":{"line":81,"column":3}},"line":59},"2":{"name":"(anonymous_2)","decl":{"start":{"line":86,"column":16},"end":{"line":86,"column":17}},"loc":{"start":{"line":86,"column":36},"end":{"line":93,"column":1}},"line":86},"3":{"name":"(anonymous_3)","decl":{"start":{"line":96,"column":19},"end":{"line":96,"column":20}},"loc":{"start":{"line":96,"column":39},"end":{"line":106,"column":1}},"line":96}},"branchMap":{"0":{"loc":{"start":{"line":9,"column":4},"end":{"line":11,"column":7}},"type":"if","locations":[{"start":{"line":9,"column":4},"end":{"line":11,"column":7}},{"start":{},"end":{}}],"line":9},"1":{"loc":{"start":{"line":12,"column":6},"end":{"line":14,"column":7}},"type":"if","locations":[{"start":{"line":12,"column":6},"end":{"line":14,"column":7}},{"start":{},"end":{}}],"line":12},"2":{"loc":{"start":{"line":12,"column":10},"end":{"line":12,"column":59}},"type":"binary-expr","locations":[{"start":{"line":12,"column":10},"end":{"line":12,"column":27}},{"start":{"line":12,"column":31},"end":{"line":12,"column":59}}],"line":12},"3":{"loc":{"start":{"line":17,"column":4},"end":{"line":19,"column":5}},"type":"if","locations":[{"start":{"line":17,"column":4},"end":{"line":19,"column":5}},{"start":{},"end":{}}],"line":17},"4":{"loc":{"start":{"line":17,"column":8},"end":{"line":17,"column":57}},"type":"binary-expr","locations":[{"start":{"line":17,"column":8},"end":{"line":17,"column":25}},{"start":{"line":17,"column":29},"end":{"line":17,"column":57}}],"line":17},"5":{"loc":{"start":{"line":22,"column":4},"end":{"line":24,"column":5}},"type":"if","locations":[{"start":{"line":22,"column":4},"end":{"line":24,"column":5}},{"start":{},"end":{}}],"line":22},"6":{"loc":{"start":{"line":22,"column":8},"end":{"line":22,"column":58}},"type":"binary-expr","locations":[{"start":{"line":22,"column":8},"end":{"line":22,"column":25}},{"start":{"line":22,"column":29},"end":{"line":22,"column":58}}],"line":22},"7":{"loc":{"start":{"line":27,"column":4},"end":{"line":29,"column":5}},"type":"if","locations":[{"start":{"line":27,"column":4},"end":{"line":29,"column":5}},{"start":{},"end":{}}],"line":27},"8":{"loc":{"start":{"line":27,"column":8},"end":{"line":27,"column":57}},"type":"binary-expr","locations":[{"start":{"line":27,"column":8},"end":{"line":27,"column":24}},{"start":{"line":27,"column":28},"end":{"line":27,"column":57}}],"line":27},"9":{"loc":{"start":{"line":32,"column":4},"end":{"line":34,"column":5}},"type":"if","locations":[{"start":{"line":32,"column":4},"end":{"line":34,"column":5}},{"start":{},"end":{}}],"line":32},"10":{"loc":{"start":{"line":32,"column":8},"end":{"line":32,"column":49}},"type":"binary-expr","locations":[{"start":{"line":32,"column":8},"end":{"line":32,"column":21}},{"start":{"line":32,"column":25},"end":{"line":32,"column":49}}],"line":32},"11":{"loc":{"start":{"line":37,"column":4},"end":{"line":39,"column":5}},"type":"if","locations":[{"start":{"line":37,"column":4},"end":{"line":39,"column":5}},{"start":{},"end":{}}],"line":37},"12":{"loc":{"start":{"line":37,"column":8},"end":{"line":37,"column":52}},"type":"binary-expr","locations":[{"start":{"line":37,"column":8},"end":{"line":37,"column":22}},{"start":{"line":37,"column":26},"end":{"line":37,"column":52}}],"line":37},"13":{"loc":{"start":{"line":42,"column":4},"end":{"line":44,"column":5}},"type":"if","locations":[{"start":{"line":42,"column":4},"end":{"line":44,"column":5}},{"start":{},"end":{}}],"line":42},"14":{"loc":{"start":{"line":42,"column":8},"end":{"line":42,"column":72}},"type":"binary-expr","locations":[{"start":{"line":42,"column":8},"end":{"line":42,"column":20}},{"start":{"line":42,"column":24},"end":{"line":42,"column":46}},{"start":{"line":42,"column":50},"end":{"line":42,"column":72}}],"line":42},"15":{"loc":{"start":{"line":47,"column":4},"end":{"line":49,"column":5}},"type":"if","locations":[{"start":{"line":47,"column":4},"end":{"line":49,"column":5}},{"start":{},"end":{}}],"line":47},"16":{"loc":{"start":{"line":47,"column":8},"end":{"line":47,"column":69}},"type":"binary-expr","locations":[{"start":{"line":47,"column":8},"end":{"line":47,"column":38}},{"start":{"line":47,"column":42},"end":{"line":47,"column":69}}],"line":47},"17":{"loc":{"start":{"line":52,"column":4},"end":{"line":54,"column":5}},"type":"if","locations":[{"start":{"line":52,"column":4},"end":{"line":54,"column":5}},{"start":{},"end":{}}],"line":52},"18":{"loc":{"start":{"line":52,"column":8},"end":{"line":52,"column":81}},"type":"binary-expr","locations":[{"start":{"line":52,"column":8},"end":{"line":52,"column":44}},{"start":{"line":52,"column":48},"end":{"line":52,"column":81}}],"line":52},"19":{"loc":{"start":{"line":68,"column":4},"end":{"line":71,"column":5}},"type":"if","locations":[{"start":{"line":68,"column":4},"end":{"line":71,"column":5}},{"start":{},"end":{}}],"line":68},"20":{"loc":{"start":{"line":99,"column":8},"end":{"line":101,"column":9}},"type":"if","locations":[{"start":{"line":99,"column":8},"end":{"line":101,"column":9}},{"start":{},"end":{}}],"line":99}},"s":{"0":1,"1":1,"2":1,"3":1,"4":2,"5":2,"6":1,"7":2,"8":1,"9":2,"10":1,"11":2,"12":0,"13":2,"14":0,"15":2,"16":0,"17":2,"18":0,"19":2,"20":0,"21":2,"22":1,"23":2,"24":1,"25":2,"26":1,"27":2,"28":2,"29":2,"30":2,"31":2,"32":1,"33":1,"34":1,"35":1,"36":0,"37":0,"38":1,"39":1,"40":1,"41":1,"42":1,"43":1,"44":0,"45":1,"46":1,"47":1,"48":1,"49":1,"50":0,"51":0,"52":1},"f":{"0":2,"1":2,"2":1,"3":1},"b":{"0":[1,1],"1":[1,1],"2":[2,1],"3":[1,1],"4":[2,1],"5":[0,2],"6":[2,2],"7":[0,2],"8":[2,1],"9":[0,2],"10":[2,2],"11":[0,2],"12":[2,2],"13":[0,2],"14":[2,2,2],"15":[1,1],"16":[2,2],"17":[1,1],"18":[2,2],"19":[1,1],"20":[1,0]},"_coverageSchema":"1a1c01bbd47fc00a2c39e90264f33305004495a9","hash":"96c068287a7e7cef651fa35e0ea157b94e05655a"}
,"C:\\Users\\Rene\\Documents\\GitHub\\nonprofit-volunteering-app\\backend\\routes\\RegisterRouter.js": {"path":"C:\\Users\\Rene\\Documents\\GitHub\\nonprofit-volunteering-app\\backend\\routes\\RegisterRouter.js","statementMap":{"0":{"start":{"line":1,"column":11},"end":{"line":1,"column":36}},"1":{"start":{"line":2,"column":16},"end":{"line":2,"column":34}},"2":{"start":{"line":3,"column":15},"end":{"line":3,"column":31}},"3":{"start":{"line":6,"column":29},"end":{"line":28,"column":1}},"4":{"start":{"line":7,"column":17},"end":{"line":7,"column":19}},"5":{"start":{"line":10,"column":4},"end":{"line":18,"column":5}},"6":{"start":{"line":15,"column":8},"end":{"line":17,"column":10}},"7":{"start":{"line":21,"column":4},"end":{"line":25,"column":5}},"8":{"start":{"line":22,"column":8},"end":{"line":24,"column":10}},"9":{"start":{"line":27,"column":4},"end":{"line":27,"column":18}},"10":{"start":{"line":31,"column":0},"end":{"line":62,"column":3}},"11":{"start":{"line":32,"column":35},"end":{"line":32,"column":43}},"12":{"start":{"line":34,"column":4},"end":{"line":61,"column":5}},"13":{"start":{"line":35,"column":27},"end":{"line":35,"column":63}},"14":{"start":{"line":36,"column":8},"end":{"line":40,"column":9}},"15":{"start":{"line":37,"column":12},"end":{"line":39,"column":65}},"16":{"start":{"line":42,"column":23},"end":{"line":42,"column":67}},"17":{"start":{"line":43,"column":8},"end":{"line":43,"column":44}},"18":{"start":{"line":44,"column":8},"end":{"line":46,"column":9}},"19":{"start":{"line":45,"column":12},"end":{"line":45,"column":61}},"20":{"start":{"line":48,"column":24},"end":{"line":48,"column":46}},"21":{"start":{"line":49,"column":23},"end":{"line":49,"column":51}},"22":{"start":{"line":50,"column":8},"end":{"line":53,"column":11}},"23":{"start":{"line":54,"column":8},"end":{"line":54,"column":31}},"24":{"start":{"line":56,"column":8},"end":{"line":56,"column":68}},"25":{"start":{"line":57,"column":8},"end":{"line":60,"column":11}},"26":{"start":{"line":64,"column":0},"end":{"line":64,"column":24}}},"fnMap":{"0":{"name":"(anonymous_0)","decl":{"start":{"line":6,"column":29},"end":{"line":6,"column":30}},"loc":{"start":{"line":6,"column":39},"end":{"line":28,"column":1}},"line":6},"1":{"name":"(anonymous_1)","decl":{"start":{"line":31,"column":17},"end":{"line":31,"column":18}},"loc":{"start":{"line":31,"column":37},"end":{"line":62,"column":1}},"line":31}},"branchMap":{"0":{"loc":{"start":{"line":10,"column":4},"end":{"line":18,"column":5}},"type":"if","locations":[{"start":{"line":10,"column":4},"end":{"line":18,"column":5}},{"start":{},"end":{}}],"line":10},"1":{"loc":{"start":{"line":11,"column":8},"end":{"line":13,"column":32}},"type":"binary-expr","locations":[{"start":{"line":11,"column":8},"end":{"line":11,"column":22}},{"start":{"line":12,"column":8},"end":{"line":12,"column":32}},{"start":{"line":13,"column":8},"end":{"line":13,"column":32}}],"line":11},"2":{"loc":{"start":{"line":21,"column":4},"end":{"line":25,"column":5}},"type":"if","locations":[{"start":{"line":21,"column":4},"end":{"line":25,"column":5}},{"start":{},"end":{}}],"line":21},"3":{"loc":{"start":{"line":21,"column":8},"end":{"line":21,"column":50}},"type":"binary-expr","locations":[{"start":{"line":21,"column":8},"end":{"line":21,"column":22}},{"start":{"line":21,"column":26},"end":{"line":21,"column":50}}],"line":21},"4":{"loc":{"start":{"line":36,"column":8},"end":{"line":40,"column":9}},"type":"if","locations":[{"start":{"line":36,"column":8},"end":{"line":40,"column":9}},{"start":{},"end":{}}],"line":36},"5":{"loc":{"start":{"line":44,"column":8},"end":{"line":46,"column":9}},"type":"if","locations":[{"start":{"line":44,"column":8},"end":{"line":46,"column":9}},{"start":{},"end":{}}],"line":44}},"s":{"0":2,"1":2,"2":2,"3":2,"4":0,"5":0,"6":0,"7":0,"8":0,"9":0,"10":2,"11":7,"12":7,"13":7,"14":7,"15":7,"16":0,"17":0,"18":0,"19":0,"20":0,"21":0,"22":0,"23":0,"24":0,"25":0,"26":2},"f":{"0":0,"1":7},"b":{"0":[0,0],"1":[0,0,0],"2":[0,0],"3":[0,0],"4":[7,0],"5":[0,0]},"_coverageSchema":"1a1c01bbd47fc00a2c39e90264f33305004495a9","hash":"8f5e149bb918e183a44cdc2768b789f5115b02fb"}
,"C:\\Users\\Rene\\Documents\\GitHub\\nonprofit-volunteering-app\\backend\\routes\\eventHRouter.js": {"path":"C:\\Users\\Rene\\Documents\\GitHub\\nonprofit-volunteering-app\\backend\\routes\\eventHRouter.js","statementMap":{"0":{"start":{"line":1,"column":16},"end":{"line":1,"column":34}},"1":{"start":{"line":2,"column":15},"end":{"line":2,"column":31}},"2":{"start":{"line":5,"column":19},"end":{"line":22,"column":1}},"3":{"start":{"line":25,"column":0},"end":{"line":27,"column":3}},"4":{"start":{"line":26,"column":4},"end":{"line":26,"column":27}},"5":{"start":{"line":30,"column":0},"end":{"line":47,"column":3}},"6":{"start":{"line":31,"column":69},"end":{"line":31,"column":77}},"7":{"start":{"line":34,"column":4},"end":{"line":36,"column":5}},"8":{"start":{"line":35,"column":8},"end":{"line":35,"column":76}},"9":{"start":{"line":37,"column":4},"end":{"line":39,"column":5}},"10":{"start":{"line":38,"column":8},"end":{"line":38,"column":76}},"11":{"start":{"line":40,"column":4},"end":{"line":42,"column":5}},"12":{"start":{"line":41,"column":8},"end":{"line":41,"column":99}},"13":{"start":{"line":45,"column":4},"end":{"line":45,"column":80}},"14":{"start":{"line":46,"column":4},"end":{"line":46,"column":66}},"15":{"start":{"line":49,"column":0},"end":{"line":49,"column":24}}},"fnMap":{"0":{"name":"(anonymous_0)","decl":{"start":{"line":25,"column":23},"end":{"line":25,"column":24}},"loc":{"start":{"line":25,"column":37},"end":{"line":27,"column":1}},"line":25},"1":{"name":"(anonymous_1)","decl":{"start":{"line":30,"column":20},"end":{"line":30,"column":21}},"loc":{"start":{"line":30,"column":34},"end":{"line":47,"column":1}},"line":30}},"branchMap":{"0":{"loc":{"start":{"line":34,"column":4},"end":{"line":36,"column":5}},"type":"if","locations":[{"start":{"line":34,"column":4},"end":{"line":36,"column":5}},{"start":{},"end":{}}],"line":34},"1":{"loc":{"start":{"line":34,"column":8},"end":{"line":34,"column":76}},"type":"binary-expr","locations":[{"start":{"line":34,"column":8},"end":{"line":34,"column":13}},{"start":{"line":34,"column":17},"end":{"line":34,"column":29}},{"start":{"line":34,"column":33},"end":{"line":34,"column":42}},{"start":{"line":34,"column":46},"end":{"line":34,"column":53}},{"start":{"line":34,"column":57},"end":{"line":34,"column":67}},{"start":{"line":34,"column":71},"end":{"line":34,"column":76}}],"line":34},"2":{"loc":{"start":{"line":37,"column":4},"end":{"line":39,"column":5}},"type":"if","locations":[{"start":{"line":37,"column":4},"end":{"line":39,"column":5}},{"start":{},"end":{}}],"line":37},"3":{"loc":{"start":{"line":40,"column":4},"end":{"line":42,"column":5}},"type":"if","locations":[{"start":{"line":40,"column":4},"end":{"line":42,"column":5}},{"start":{},"end":{}}],"line":40},"4":{"loc":{"start":{"line":40,"column":8},"end":{"line":40,"column":43}},"type":"binary-expr","locations":[{"start":{"line":40,"column":8},"end":{"line":40,"column":23}},{"start":{"line":40,"column":27},"end":{"line":40,"column":43}}],"line":40}},"s":{"0":2,"1":2,"2":2,"3":2,"4":1,"5":2,"6":4,"7":4,"8":1,"9":3,"10":1,"11":2,"12":1,"13":1,"14":1,"15":2},"f":{"0":1,"1":4},"b":{"0":[1,3],"1":[4,3,3,3,3,3],"2":[1,2],"3":[1,1],"4":[2,1]},"_coverageSchema":"1a1c01bbd47fc00a2c39e90264f33305004495a9","hash":"cdd44ede63ee101f0bdbeb08164e8c8cac1a895b"}
,"C:\\Users\\Rene\\Documents\\GitHub\\nonprofit-volunteering-app\\backend\\routes\\eventRouter.js": {"path":"C:\\Users\\Rene\\Documents\\GitHub\\nonprofit-volunteering-app\\backend\\routes\\eventRouter.js","statementMap":{"0":{"start":{"line":1,"column":16},"end":{"line":1,"column":34}},"1":{"start":{"line":2,"column":15},"end":{"line":2,"column":31}},"2":{"start":{"line":3,"column":11},"end":{"line":3,"column":36}},"3":{"start":{"line":5,"column":13},"end":{"line":5,"column":15}},"4":{"start":{"line":8,"column":22},"end":{"line":42,"column":1}},"5":{"start":{"line":9,"column":17},"end":{"line":9,"column":19}},"6":{"start":{"line":12,"column":4},"end":{"line":14,"column":5}},"7":{"start":{"line":13,"column":8},"end":{"line":13,"column":84}},"8":{"start":{"line":17,"column":4},"end":{"line":19,"column":5}},"9":{"start":{"line":18,"column":8},"end":{"line":18,"column":48}},"10":{"start":{"line":22,"column":4},"end":{"line":24,"column":5}},"11":{"start":{"line":23,"column":8},"end":{"line":23,"column":45}},"12":{"start":{"line":27,"column":4},"end":{"line":29,"column":5}},"13":{"start":{"line":28,"column":8},"end":{"line":28,"column":55}},"14":{"start":{"line":32,"column":4},"end":{"line":34,"column":5}},"15":{"start":{"line":33,"column":8},"end":{"line":33,"column":50}},"16":{"start":{"line":37,"column":4},"end":{"line":39,"column":5}},"17":{"start":{"line":38,"column":8},"end":{"line":38,"column":50}},"18":{"start":{"line":41,"column":4},"end":{"line":41,"column":18}},"19":{"start":{"line":45,"column":0},"end":{"line":64,"column":3}},"20":{"start":{"line":46,"column":74},"end":{"line":46,"column":82}},"21":{"start":{"line":49,"column":21},"end":{"line":49,"column":82}},"22":{"start":{"line":50,"column":29},"end":{"line":50,"column":52}},"23":{"start":{"line":52,"column":4},"end":{"line":54,"column":5}},"24":{"start":{"line":53,"column":8},"end":{"line":53,"column":96}},"25":{"start":{"line":56,"column":4},"end":{"line":63,"column":7}},"26":{"start":{"line":57,"column":24},"end":{"line":57,"column":54}},"27":{"start":{"line":58,"column":8},"end":{"line":58,"column":55}},"28":{"start":{"line":59,"column":8},"end":{"line":59,"column":81}},"29":{"start":{"line":61,"column":8},"end":{"line":61,"column":64}},"30":{"start":{"line":62,"column":8},"end":{"line":62,"column":98}},"31":{"start":{"line":67,"column":0},"end":{"line":74,"column":3}},"32":{"start":{"line":68,"column":4},"end":{"line":73,"column":5}},"33":{"start":{"line":69,"column":23},"end":{"line":69,"column":46}},"34":{"start":{"line":70,"column":8},"end":{"line":70,"column":25}},"35":{"start":{"line":72,"column":8},"end":{"line":72,"column":105}},"36":{"start":{"line":77,"column":0},"end":{"line":87,"column":3}},"37":{"start":{"line":78,"column":4},"end":{"line":86,"column":5}},"38":{"start":{"line":79,"column":24},"end":{"line":79,"column":61}},"39":{"start":{"line":80,"column":8},"end":{"line":82,"column":9}},"40":{"start":{"line":81,"column":12},"end":{"line":81,"column":74}},"41":{"start":{"line":83,"column":8},"end":{"line":83,"column":26}},"42":{"start":{"line":85,"column":8},"end":{"line":85,"column":106}},"43":{"start":{"line":122,"column":0},"end":{"line":132,"column":3}},"44":{"start":{"line":123,"column":4},"end":{"line":131,"column":5}},"45":{"start":{"line":124,"column":23},"end":{"line":124,"column":58}},"46":{"start":{"line":125,"column":8},"end":{"line":127,"column":9}},"47":{"start":{"line":126,"column":12},"end":{"line":126,"column":72}},"48":{"start":{"line":128,"column":8},"end":{"line":128,"column":60}},"49":{"start":{"line":130,"column":8},"end":{"line":130,"column":102}},"50":{"start":{"line":134,"column":0},"end":{"line":134,"column":24}}},"fnMap":{"0":{"name":"(anonymous_0)","decl":{"start":{"line":8,"column":22},"end":{"line":8,"column":23}},"loc":{"start":{"line":8,"column":33},"end":{"line":42,"column":1}},"line":8},"1":{"name":"(anonymous_1)","decl":{"start":{"line":45,"column":23},"end":{"line":45,"column":24}},"loc":{"start":{"line":45,"column":42},"end":{"line":64,"column":1}},"line":45},"2":{"name":"(anonymous_2)","decl":{"start":{"line":67,"column":16},"end":{"line":67,"column":17}},"loc":{"start":{"line":67,"column":35},"end":{"line":74,"column":1}},"line":67},"3":{"name":"(anonymous_3)","decl":{"start":{"line":77,"column":19},"end":{"line":77,"column":20}},"loc":{"start":{"line":77,"column":39},"end":{"line":87,"column":1}},"line":77},"4":{"name":"(anonymous_4)","decl":{"start":{"line":122,"column":22},"end":{"line":122,"column":23}},"loc":{"start":{"line":122,"column":42},"end":{"line":132,"column":1}},"line":122}},"branchMap":{"0":{"loc":{"start":{"line":12,"column":4},"end":{"line":14,"column":5}},"type":"if","locations":[{"start":{"line":12,"column":4},"end":{"line":14,"column":5}},{"start":{},"end":{}}],"line":12},"1":{"loc":{"start":{"line":12,"column":8},"end":{"line":12,"column":46}},"type":"binary-expr","locations":[{"start":{"line":12,"column":8},"end":{"line":12,"column":19}},{"start":{"line":12,"column":23},"end":{"line":12,"column":46}}],"line":12},"2":{"loc":{"start":{"line":17,"column":4},"end":{"line":19,"column":5}},"type":"if","locations":[{"start":{"line":17,"column":4},"end":{"line":19,"column":5}},{"start":{},"end":{}}],"line":17},"3":{"loc":{"start":{"line":22,"column":4},"end":{"line":24,"column":5}},"type":"if","locations":[{"start":{"line":22,"column":4},"end":{"line":24,"column":5}},{"start":{},"end":{}}],"line":22},"4":{"loc":{"start":{"line":27,"column":4},"end":{"line":29,"column":5}},"type":"if","locations":[{"start":{"line":27,"column":4},"end":{"line":29,"column":5}},{"start":{},"end":{}}],"line":27},"5":{"loc":{"start":{"line":27,"column":8},"end":{"line":27,"column":63}},"type":"binary-expr","locations":[{"start":{"line":27,"column":8},"end":{"line":27,"column":35}},{"start":{"line":27,"column":39},"end":{"line":27,"column":63}}],"line":27},"6":{"loc":{"start":{"line":32,"column":4},"end":{"line":34,"column":5}},"type":"if","locations":[{"start":{"line":32,"column":4},"end":{"line":34,"column":5}},{"start":{},"end":{}}],"line":32},"7":{"loc":{"start":{"line":37,"column":4},"end":{"line":39,"column":5}},"type":"if","locations":[{"start":{"line":37,"column":4},"end":{"line":39,"column":5}},{"start":{},"end":{}}],"line":37},"8":{"loc":{"start":{"line":52,"column":4},"end":{"line":54,"column":5}},"type":"if","locations":[{"start":{"line":52,"column":4},"end":{"line":54,"column":5}},{"start":{},"end":{}}],"line":52},"9":{"loc":{"start":{"line":80,"column":8},"end":{"line":82,"column":9}},"type":"if","locations":[{"start":{"line":80,"column":8},"end":{"line":82,"column":9}},{"start":{},"end":{}}],"line":80},"10":{"loc":{"start":{"line":125,"column":8},"end":{"line":127,"column":9}},"type":"if","locations":[{"start":{"line":125,"column":8},"end":{"line":127,"column":9}},{"start":{},"end":{}}],"line":125}},"s":{"0":2,"1":2,"2":2,"3":2,"4":2,"5":6,"6":6,"7":6,"8":6,"9":1,"10":6,"11":1,"12":6,"13":6,"14":6,"15":1,"16":6,"17":6,"18":6,"19":2,"20":6,"21":6,"22":6,"23":6,"24":6,"25":0,"26":0,"27":0,"28":0,"29":0,"30":0,"31":2,"32":1,"33":1,"34":1,"35":0,"36":2,"37":1,"38":1,"39":1,"40":0,"41":1,"42":0,"43":2,"44":0,"45":0,"46":0,"47":0,"48":0,"49":0,"50":2},"f":{"0":6,"1":6,"2":1,"3":1,"4":0},"b":{"0":[6,0],"1":[6,0],"2":[1,5],"3":[1,5],"4":[6,0],"5":[6,0],"6":[1,5],"7":[6,0],"8":[6,0],"9":[0,1],"10":[0,0]},"_coverageSchema":"1a1c01bbd47fc00a2c39e90264f33305004495a9","hash":"a5c8b52e51d6dc07b74d29a3dbecd987665f9dd2"}
,"C:\\Users\\Rene\\Documents\\GitHub\\nonprofit-volunteering-app\\backend\\routes\\historyRouter.js": {"path":"C:\\Users\\Rene\\Documents\\GitHub\\nonprofit-volunteering-app\\backend\\routes\\historyRouter.js","statementMap":{"0":{"start":{"line":1,"column":16},"end":{"line":1,"column":34}},"1":{"start":{"line":2,"column":15},"end":{"line":2,"column":31}},"2":{"start":{"line":3,"column":11},"end":{"line":3,"column":36}},"3":{"start":{"line":6,"column":0},"end":{"line":15,"column":3}},"4":{"start":{"line":7,"column":4},"end":{"line":14,"column":5}},"5":{"start":{"line":8,"column":27},"end":{"line":8,"column":47}},"6":{"start":{"line":9,"column":31},"end":{"line":9,"column":79}},"7":{"start":{"line":9,"column":59},"end":{"line":9,"column":78}},"8":{"start":{"line":10,"column":8},"end":{"line":10,"column":33}},"9":{"start":{"line":12,"column":8},"end":{"line":12,"column":27}},"10":{"start":{"line":13,"column":8},"end":{"line":13,"column":78}},"11":{"start":{"line":18,"column":0},"end":{"line":44,"column":3}},"12":{"start":{"line":19,"column":26},"end":{"line":19,"column":50}},"13":{"start":{"line":22,"column":4},"end":{"line":24,"column":5}},"14":{"start":{"line":23,"column":8},"end":{"line":23,"column":82}},"15":{"start":{"line":26,"column":4},"end":{"line":43,"column":5}},"16":{"start":{"line":27,"column":34},"end":{"line":27,"column":71}},"17":{"start":{"line":28,"column":8},"end":{"line":30,"column":9}},"18":{"start":{"line":29,"column":12},"end":{"line":29,"column":76}},"19":{"start":{"line":32,"column":8},"end":{"line":32,"column":72}},"20":{"start":{"line":33,"column":28},"end":{"line":33,"column":55}},"21":{"start":{"line":34,"column":29},"end":{"line":34,"column":78}},"22":{"start":{"line":36,"column":8},"end":{"line":38,"column":9}},"23":{"start":{"line":37,"column":12},"end":{"line":37,"column":81}},"24":{"start":{"line":39,"column":8},"end":{"line":39,"column":31}},"25":{"start":{"line":41,"column":8},"end":{"line":41,"column":27}},"26":{"start":{"line":42,"column":8},"end":{"line":42,"column":80}},"27":{"start":{"line":46,"column":0},"end":{"line":46,"column":24}}},"fnMap":{"0":{"name":"(anonymous_0)","decl":{"start":{"line":6,"column":26},"end":{"line":6,"column":27}},"loc":{"start":{"line":6,"column":46},"end":{"line":15,"column":1}},"line":6},"1":{"name":"(anonymous_1)","decl":{"start":{"line":9,"column":46},"end":{"line":9,"column":47}},"loc":{"start":{"line":9,"column":59},"end":{"line":9,"column":78}},"line":9},"2":{"name":"(anonymous_2)","decl":{"start":{"line":18,"column":30},"end":{"line":18,"column":31}},"loc":{"start":{"line":18,"column":50},"end":{"line":44,"column":1}},"line":18}},"branchMap":{"0":{"loc":{"start":{"line":22,"column":4},"end":{"line":24,"column":5}},"type":"if","locations":[{"start":{"line":22,"column":4},"end":{"line":24,"column":5}},{"start":{},"end":{}}],"line":22},"1":{"loc":{"start":{"line":22,"column":8},"end":{"line":22,"column":61}},"type":"binary-expr","locations":[{"start":{"line":22,"column":8},"end":{"line":22,"column":32}},{"start":{"line":22,"column":36},"end":{"line":22,"column":61}}],"line":22},"2":{"loc":{"start":{"line":28,"column":8},"end":{"line":30,"column":9}},"type":"if","locations":[{"start":{"line":28,"column":8},"end":{"line":30,"column":9}},{"start":{},"end":{}}],"line":28},"3":{"loc":{"start":{"line":36,"column":8},"end":{"line":38,"column":9}},"type":"if","locations":[{"start":{"line":36,"column":8},"end":{"line":38,"column":9}},{"start":{},"end":{}}],"line":36}},"s":{"0":2,"1":2,"2":2,"3":2,"4":1,"5":1,"6":1,"7":0,"8":1,"9":0,"10":0,"11":2,"12":4,"13":4,"14":1,"15":3,"16":3,"17":3,"18":3,"19":0,"20":0,"21":0,"22":0,"23":0,"24":0,"25":0,"26":0,"27":2},"f":{"0":1,"1":0,"2":4},"b":{"0":[1,3],"1":[4,3],"2":[3,0],"3":[0,0]},"_coverageSchema":"1a1c01bbd47fc00a2c39e90264f33305004495a9","hash":"b864b746e9d9e5f89402c38fa25756e3a5a7c917"}
,"C:\\Users\\Rene\\Documents\\GitHub\\nonprofit-volunteering-app\\backend\\routes\\homeRouter.js": {"path":"C:\\Users\\Rene\\Documents\\GitHub\\nonprofit-volunteering-app\\backend\\routes\\homeRouter.js","statementMap":{"0":{"start":{"line":1,"column":16},"end":{"line":1,"column":34}},"1":{"start":{"line":2,"column":15},"end":{"line":2,"column":31}},"2":{"start":{"line":5,"column":0},"end":{"line":7,"column":3}},"3":{"start":{"line":6,"column":4},"end":{"line":6,"column":67}},"4":{"start":{"line":10,"column":0},"end":{"line":12,"column":3}},"5":{"start":{"line":11,"column":4},"end":{"line":11,"column":78}},"6":{"start":{"line":14,"column":0},"end":{"line":14,"column":24}}},"fnMap":{"0":{"name":"(anonymous_0)","decl":{"start":{"line":5,"column":16},"end":{"line":5,"column":17}},"loc":{"start":{"line":5,"column":30},"end":{"line":7,"column":1}},"line":5},"1":{"name":"(anonymous_1)","decl":{"start":{"line":10,"column":22},"end":{"line":10,"column":23}},"loc":{"start":{"line":10,"column":36},"end":{"line":12,"column":1}},"line":10}},"branchMap":{},"s":{"0":2,"1":2,"2":2,"3":1,"4":2,"5":1,"6":2},"f":{"0":1,"1":1},"b":{},"_coverageSchema":"1a1c01bbd47fc00a2c39e90264f33305004495a9","hash":"0e3cc5e33b97ac8c7b38f0d9322f48a6d1f1bd60"}
,"C:\\Users\\Rene\\Documents\\GitHub\\nonprofit-volunteering-app\\backend\\routes\\matchRouter.js": {"path":"C:\\Users\\Rene\\Documents\\GitHub\\nonprofit-volunteering-app\\backend\\routes\\matchRouter.js","statementMap":{"0":{"start":{"line":1,"column":16},"end":{"line":1,"column":34}},"1":{"start":{"line":2,"column":15},"end":{"line":2,"column":31}},"2":{"start":{"line":3,"column":11},"end":{"line":3,"column":36}},"3":{"start":{"line":6,"column":0},"end":{"line":18,"column":3}},"4":{"start":{"line":7,"column":17},"end":{"line":7,"column":46}},"5":{"start":{"line":8,"column":4},"end":{"line":17,"column":5}},"6":{"start":{"line":9,"column":36},"end":{"line":9,"column":56}},"7":{"start":{"line":10,"column":35},"end":{"line":12,"column":9}},"8":{"start":{"line":11,"column":12},"end":{"line":11,"column":52}},"9":{"start":{"line":13,"column":8},"end":{"line":13,"column":37}},"10":{"start":{"line":15,"column":8},"end":{"line":15,"column":57}},"11":{"start":{"line":16,"column":8},"end":{"line":16,"column":71}},"12":{"start":{"line":21,"column":0},"end":{"line":29,"column":3}},"13":{"start":{"line":22,"column":4},"end":{"line":28,"column":5}},"14":{"start":{"line":23,"column":23},"end":{"line":23,"column":46}},"15":{"start":{"line":24,"column":8},"end":{"line":24,"column":25}},"16":{"start":{"line":26,"column":8},"end":{"line":26,"column":57}},"17":{"start":{"line":27,"column":8},"end":{"line":27,"column":71}},"18":{"start":{"line":32,"column":0},"end":{"line":59,"column":3}},"19":{"start":{"line":33,"column":26},"end":{"line":33,"column":50}},"20":{"start":{"line":34,"column":4},"end":{"line":58,"column":5}},"21":{"start":{"line":35,"column":26},"end":{"line":35,"column":63}},"22":{"start":{"line":36,"column":8},"end":{"line":38,"column":9}},"23":{"start":{"line":37,"column":12},"end":{"line":37,"column":77}},"24":{"start":{"line":40,"column":32},"end":{"line":40,"column":51}},"25":{"start":{"line":41,"column":8},"end":{"line":43,"column":9}},"26":{"start":{"line":42,"column":12},"end":{"line":42,"column":94}},"27":{"start":{"line":45,"column":28},"end":{"line":45,"column":81}},"28":{"start":{"line":45,"column":68},"end":{"line":45,"column":80}},"29":{"start":{"line":46,"column":23},"end":{"line":46,"column":46}},"30":{"start":{"line":49,"column":30},"end":{"line":52,"column":9}},"31":{"start":{"line":50,"column":12},"end":{"line":51,"column":106}},"32":{"start":{"line":51,"column":49},"end":{"line":51,"column":61}},"33":{"start":{"line":51,"column":78},"end":{"line":51,"column":105}},"34":{"start":{"line":54,"column":8},"end":{"line":54,"column":32}},"35":{"start":{"line":56,"column":8},"end":{"line":56,"column":53}},"36":{"start":{"line":57,"column":8},"end":{"line":57,"column":87}},"37":{"start":{"line":62,"column":0},"end":{"line":96,"column":3}},"38":{"start":{"line":63,"column":39},"end":{"line":63,"column":47}},"39":{"start":{"line":65,"column":4},"end":{"line":95,"column":5}},"40":{"start":{"line":66,"column":22},"end":{"line":66,"column":52}},"41":{"start":{"line":67,"column":8},"end":{"line":69,"column":9}},"42":{"start":{"line":68,"column":12},"end":{"line":68,"column":103}},"43":{"start":{"line":71,"column":26},"end":{"line":71,"column":63}},"44":{"start":{"line":72,"column":8},"end":{"line":74,"column":9}},"45":{"start":{"line":73,"column":12},"end":{"line":73,"column":77}},"46":{"start":{"line":77,"column":28},"end":{"line":77,"column":88}},"47":{"start":{"line":78,"column":8},"end":{"line":91,"column":9}},"48":{"start":{"line":80,"column":30},"end":{"line":80,"column":50}},"49":{"start":{"line":81,"column":26},"end":{"line":81,"column":36}},"50":{"start":{"line":83,"column":12},"end":{"line":86,"column":13}},"51":{"start":{"line":85,"column":16},"end":{"line":85,"column":73}},"52":{"start":{"line":88,"column":12},"end":{"line":88,"column":75}},"53":{"start":{"line":90,"column":12},"end":{"line":90,"column":73}},"54":{"start":{"line":93,"column":8},"end":{"line":93,"column":58}},"55":{"start":{"line":94,"column":8},"end":{"line":94,"column":73}},"56":{"start":{"line":98,"column":0},"end":{"line":98,"column":24}}},"fnMap":{"0":{"name":"(anonymous_0)","decl":{"start":{"line":6,"column":33},"end":{"line":6,"column":34}},"loc":{"start":{"line":6,"column":53},"end":{"line":18,"column":1}},"line":6},"1":{"name":"(anonymous_1)","decl":{"start":{"line":10,"column":62},"end":{"line":10,"column":63}},"loc":{"start":{"line":11,"column":12},"end":{"line":11,"column":52}},"line":11},"2":{"name":"(anonymous_2)","decl":{"start":{"line":21,"column":22},"end":{"line":21,"column":23}},"loc":{"start":{"line":21,"column":42},"end":{"line":29,"column":1}},"line":21},"3":{"name":"(anonymous_3)","decl":{"start":{"line":32,"column":37},"end":{"line":32,"column":38}},"loc":{"start":{"line":32,"column":57},"end":{"line":59,"column":1}},"line":32},"4":{"name":"(anonymous_4)","decl":{"start":{"line":45,"column":59},"end":{"line":45,"column":60}},"loc":{"start":{"line":45,"column":68},"end":{"line":45,"column":80}},"line":45},"5":{"name":"(anonymous_5)","decl":{"start":{"line":49,"column":44},"end":{"line":49,"column":45}},"loc":{"start":{"line":50,"column":12},"end":{"line":51,"column":106}},"line":50},"6":{"name":"(anonymous_6)","decl":{"start":{"line":51,"column":40},"end":{"line":51,"column":41}},"loc":{"start":{"line":51,"column":49},"end":{"line":51,"column":61}},"line":51},"7":{"name":"(anonymous_7)","decl":{"start":{"line":51,"column":69},"end":{"line":51,"column":70}},"loc":{"start":{"line":51,"column":78},"end":{"line":51,"column":105}},"line":51},"8":{"name":"(anonymous_8)","decl":{"start":{"line":62,"column":35},"end":{"line":62,"column":36}},"loc":{"start":{"line":62,"column":55},"end":{"line":96,"column":1}},"line":62}},"branchMap":{"0":{"loc":{"start":{"line":36,"column":8},"end":{"line":38,"column":9}},"type":"if","locations":[{"start":{"line":36,"column":8},"end":{"line":38,"column":9}},{"start":{},"end":{}}],"line":36},"1":{"loc":{"start":{"line":36,"column":12},"end":{"line":36,"column":48}},"type":"binary-expr","locations":[{"start":{"line":36,"column":12},"end":{"line":36,"column":22}},{"start":{"line":36,"column":26},"end":{"line":36,"column":48}}],"line":36},"2":{"loc":{"start":{"line":41,"column":8},"end":{"line":43,"column":9}},"type":"if","locations":[{"start":{"line":41,"column":8},"end":{"line":43,"column":9}},{"start":{},"end":{}}],"line":41},"3":{"loc":{"start":{"line":50,"column":12},"end":{"line":51,"column":106}},"type":"binary-expr","locations":[{"start":{"line":50,"column":12},"end":{"line":50,"column":26}},{"start":{"line":51,"column":12},"end":{"line":51,"column":106}}],"line":50},"4":{"loc":{"start":{"line":67,"column":8},"end":{"line":69,"column":9}},"type":"if","locations":[{"start":{"line":67,"column":8},"end":{"line":69,"column":9}},{"start":{},"end":{}}],"line":67},"5":{"loc":{"start":{"line":67,"column":12},"end":{"line":67,"column":34}},"type":"binary-expr","locations":[{"start":{"line":67,"column":12},"end":{"line":67,"column":17}},{"start":{"line":67,"column":21},"end":{"line":67,"column":34}}],"line":67},"6":{"loc":{"start":{"line":72,"column":8},"end":{"line":74,"column":9}},"type":"if","locations":[{"start":{"line":72,"column":8},"end":{"line":74,"column":9}},{"start":{},"end":{}}],"line":72},"7":{"loc":{"start":{"line":72,"column":12},"end":{"line":72,"column":48}},"type":"binary-expr","locations":[{"start":{"line":72,"column":12},"end":{"line":72,"column":22}},{"start":{"line":72,"column":26},"end":{"line":72,"column":48}}],"line":72},"8":{"loc":{"start":{"line":78,"column":8},"end":{"line":91,"column":9}},"type":"if","locations":[{"start":{"line":78,"column":8},"end":{"line":91,"column":9}},{"start":{"line":89,"column":15},"end":{"line":91,"column":9}}],"line":78},"9":{"loc":{"start":{"line":83,"column":12},"end":{"line":86,"column":13}},"type":"if","locations":[{"start":{"line":83,"column":12},"end":{"line":86,"column":13}},{"start":{},"end":{}}],"line":83}},"s":{"0":2,"1":2,"2":2,"3":2,"4":2,"5":2,"6":2,"7":2,"8":0,"9":2,"10":0,"11":0,"12":2,"13":0,"14":0,"15":0,"16":0,"17":0,"18":2,"19":0,"20":0,"21":0,"22":0,"23":0,"24":0,"25":0,"26":0,"27":0,"28":0,"29":0,"30":0,"31":0,"32":0,"33":0,"34":0,"35":0,"36":0,"37":2,"38":2,"39":2,"40":2,"41":2,"42":0,"43":2,"44":2,"45":2,"46":0,"47":0,"48":0,"49":0,"50":0,"51":0,"52":0,"53":0,"54":0,"55":0,"56":2},"f":{"0":2,"1":0,"2":0,"3":0,"4":0,"5":0,"6":0,"7":0,"8":2},"b":{"0":[0,0],"1":[0,0],"2":[0,0],"3":[0,0],"4":[0,2],"5":[2,0],"6":[2,0],"7":[2,2],"8":[0,0],"9":[0,0]},"_coverageSchema":"1a1c01bbd47fc00a2c39e90264f33305004495a9","hash":"6aeba04b36f30906bce1c7e9625592d259a76125"}
}
