TN:
SF:app.js
FN:11,(anonymous_0)
FN:36,(anonymous_1)
FNF:2
FNH:0
FNDA:0,(anonymous_0)
FNDA:0,(anonymous_1)
DA:1,1
DA:2,1
DA:3,1
DA:4,1
DA:6,1
DA:7,1
DA:8,1
DA:9,1
DA:11,1
DA:12,0
DA:16,1
DA:17,1
DA:18,1
DA:21,1
DA:22,1
DA:26,1
DA:27,1
DA:28,1
DA:31,1
DA:32,1
DA:35,1
DA:36,1
DA:37,0
DA:40,1
LF:24
LH:22
BRF:0
BRH:0
end_of_record
TN:
SF:routes\ProfileRouter.js
FN:8,(anonymous_0)
FN:55,(anonymous_1)
FN:72,(anonymous_2)
FN:77,(anonymous_3)
FN:78,(anonymous_4)
FN:88,(anonymous_5)
FN:89,(anonymous_6)
FN:118,(anonymous_7)
FN:119,(anonymous_8)
FNF:9
FNH:9
FNDA:3,(anonymous_0)
FNDA:2,(anonymous_1)
FNDA:1,(anonymous_2)
FNDA:1,(anonymous_3)
FNDA:1,(anonymous_4)
FNDA:1,(anonymous_5)
FNDA:1,(anonymous_6)
FNDA:1,(anonymous_7)
FNDA:1,(anonymous_8)
DA:1,1
DA:2,1
DA:5,1
DA:8,1
DA:9,3
DA:12,3
DA:13,1
DA:17,3
DA:18,0
DA:22,3
DA:23,0
DA:27,3
DA:28,0
DA:32,3
DA:33,0
DA:37,3
DA:38,0
DA:42,3
DA:43,1
DA:47,3
DA:48,1
DA:51,3
DA:55,1
DA:56,2
DA:59,2
DA:60,2
DA:62,2
DA:63,1
DA:66,1
DA:67,1
DA:69,1
DA:72,1
DA:73,1
DA:77,1
DA:78,1
DA:80,1
DA:81,0
DA:84,1
DA:88,1
DA:89,1
DA:91,1
DA:92,0
DA:95,1
DA:98,1
DA:99,1
DA:100,1
DA:101,1
DA:102,1
DA:103,1
DA:104,1
DA:105,1
DA:106,1
DA:109,1
DA:110,1
DA:111,0
DA:114,1
DA:118,1
DA:119,1
DA:121,1
DA:122,0
DA:125,1
DA:126,1
DA:129,1
LF:63
LH:54
BRDA:12,0,0,1
BRDA:12,0,1,2
BRDA:12,1,0,3
BRDA:12,1,1,2
BRDA:17,2,0,0
BRDA:17,2,1,3
BRDA:17,3,0,3
BRDA:17,3,1,3
BRDA:22,4,0,0
BRDA:22,4,1,3
BRDA:22,5,0,3
BRDA:22,5,1,2
BRDA:27,6,0,0
BRDA:27,6,1,3
BRDA:27,7,0,3
BRDA:27,7,1,3
BRDA:32,8,0,0
BRDA:32,8,1,3
BRDA:32,9,0,3
BRDA:32,9,1,3
BRDA:37,10,0,0
BRDA:37,10,1,3
BRDA:37,11,0,3
BRDA:37,11,1,3
BRDA:37,11,2,3
BRDA:42,12,0,1
BRDA:42,12,1,2
BRDA:42,13,0,3
BRDA:42,13,1,3
BRDA:47,14,0,1
BRDA:47,14,1,2
BRDA:47,15,0,3
BRDA:47,15,1,3
BRDA:62,16,0,1
BRDA:62,16,1,1
BRDA:80,17,0,0
BRDA:80,17,1,1
BRDA:91,18,0,0
BRDA:91,18,1,1
BRDA:98,19,0,1
BRDA:98,19,1,0
BRDA:99,20,0,1
BRDA:99,20,1,1
BRDA:100,21,0,1
BRDA:100,21,1,1
BRDA:101,22,0,1
BRDA:101,22,1,0
BRDA:102,23,0,1
BRDA:102,23,1,1
BRDA:103,24,0,1
BRDA:103,24,1,1
BRDA:104,25,0,1
BRDA:104,25,1,1
BRDA:105,26,0,1
BRDA:105,26,1,1
BRDA:106,27,0,1
BRDA:106,27,1,1
BRDA:110,28,0,0
BRDA:110,28,1,1
BRDA:121,29,0,0
BRDA:121,29,1,1
BRF:61
BRH:50
end_of_record
TN:
SF:routes\eventHRouter.js
FN:25,(anonymous_0)
FN:30,(anonymous_1)
FNF:2
FNH:2
FNDA:1,(anonymous_0)
FNDA:4,(anonymous_1)
DA:1,2
DA:2,2
DA:5,2
DA:25,2
DA:26,1
DA:30,2
DA:31,4
DA:34,4
DA:35,1
DA:37,3
DA:38,1
DA:40,2
DA:41,1
DA:45,1
DA:46,1
DA:49,2
LF:16
LH:16
BRDA:34,0,0,1
BRDA:34,0,1,3
BRDA:34,1,0,4
BRDA:34,1,1,3
BRDA:34,1,2,3
BRDA:34,1,3,3
BRDA:34,1,4,3
BRDA:34,1,5,3
BRDA:37,2,0,1
BRDA:37,2,1,2
BRDA:40,3,0,1
BRDA:40,3,1,1
BRDA:40,4,0,2
BRDA:40,4,1,1
BRF:14
BRH:14
end_of_record
TN:
SF:routes\eventRouter.js
FN:8,(anonymous_0)
FN:45,(anonymous_1)
FN:62,(anonymous_2)
FN:67,(anonymous_3)
FN:68,(anonymous_4)
FN:78,(anonymous_5)
FN:79,(anonymous_6)
FN:105,(anonymous_7)
FN:106,(anonymous_8)
FNF:9
FNH:0
FNDA:0,(anonymous_0)
FNDA:0,(anonymous_1)
FNDA:0,(anonymous_2)
FNDA:0,(anonymous_3)
FNDA:0,(anonymous_4)
FNDA:0,(anonymous_5)
FNDA:0,(anonymous_6)
FNDA:0,(anonymous_7)
FNDA:0,(anonymous_8)
DA:1,1
DA:2,1
DA:5,1
DA:8,1
DA:9,0
DA:12,0
DA:13,0
DA:17,0
DA:18,0
DA:22,0
DA:23,0
DA:27,0
DA:28,0
DA:32,0
DA:33,0
DA:37,0
DA:38,0
DA:41,0
DA:45,1
DA:46,0
DA:49,0
DA:50,0
DA:52,0
DA:53,0
DA:56,0
DA:57,0
DA:59,0
DA:62,1
DA:63,0
DA:67,1
DA:68,0
DA:70,0
DA:71,0
DA:74,0
DA:78,1
DA:79,0
DA:81,0
DA:82,0
DA:85,0
DA:88,0
DA:89,0
DA:90,0
DA:91,0
DA:92,0
DA:93,0
DA:96,0
DA:97,0
DA:98,0
DA:101,0
DA:105,1
DA:106,0
DA:108,0
DA:109,0
DA:112,0
DA:113,0
DA:116,1
LF:56
LH:10
BRDA:12,0,0,0
BRDA:12,0,1,0
BRDA:12,1,0,0
BRDA:12,1,1,0
BRDA:17,2,0,0
BRDA:17,2,1,0
BRDA:22,3,0,0
BRDA:22,3,1,0
BRDA:27,4,0,0
BRDA:27,4,1,0
BRDA:27,5,0,0
BRDA:27,5,1,0
BRDA:32,6,0,0
BRDA:32,6,1,0
BRDA:37,7,0,0
BRDA:37,7,1,0
BRDA:52,8,0,0
BRDA:52,8,1,0
BRDA:70,9,0,0
BRDA:70,9,1,0
BRDA:81,10,0,0
BRDA:81,10,1,0
BRDA:88,11,0,0
BRDA:88,11,1,0
BRDA:89,12,0,0
BRDA:89,12,1,0
BRDA:90,13,0,0
BRDA:90,13,1,0
BRDA:91,14,0,0
BRDA:91,14,1,0
BRDA:92,15,0,0
BRDA:92,15,1,0
BRDA:93,16,0,0
BRDA:93,16,1,0
BRDA:97,17,0,0
BRDA:97,17,1,0
BRDA:108,18,0,0
BRDA:108,18,1,0
BRF:38
BRH:0
end_of_record
TN:
SF:routes\historyRouter.js
FN:35,(anonymous_0)
FN:43,(anonymous_1)
FNF:2
FNH:2
FNDA:1,(anonymous_0)
FNDA:4,(anonymous_1)
DA:1,2
DA:2,2
DA:5,2
DA:35,2
DA:36,1
DA:37,1
DA:38,1
DA:39,1
DA:43,2
DA:44,4
DA:47,4
DA:48,1
DA:51,3
DA:53,3
DA:56,2
LF:15
LH:15
BRDA:47,0,0,1
BRDA:47,0,1,3
BRDA:47,1,0,4
BRDA:47,1,1,3
BRDA:51,2,0,3
BRDA:51,2,1,1
BRF:6
BRH:6
end_of_record
TN:
SF:routes\matchRouter.js
FN:23,(anonymous_0)
FN:25,(anonymous_1)
FN:27,(anonymous_2)
FN:33,(anonymous_3)
FN:35,(anonymous_4)
FN:41,(anonymous_5)
FN:42,(anonymous_6)
FN:50,(anonymous_7)
FN:55,(anonymous_8)
FNF:9
FNH:7
FNDA:2,(anonymous_0)
FNDA:10,(anonymous_1)
FNDA:0,(anonymous_2)
FNDA:3,(anonymous_3)
FNDA:13,(anonymous_4)
FNDA:3,(anonymous_5)
FNDA:3,(anonymous_6)
FNDA:0,(anonymous_7)
FNDA:2,(anonymous_8)
DA:1,2
DA:2,2
DA:5,2
DA:13,2
DA:20,2
DA:23,2
DA:24,2
DA:25,2
DA:26,10
DA:27,0
DA:29,2
DA:33,2
DA:34,3
DA:35,13
DA:37,3
DA:38,2
DA:41,1
DA:42,3
DA:46,1
DA:50,2
DA:51,0
DA:55,2
DA:56,2
DA:57,2
DA:58,2
DA:61,2
LF:26
LH:24
BRDA:26,0,0,10
BRDA:26,0,1,2
BRDA:37,1,0,2
BRDA:37,1,1,1
BRDA:42,2,0,3
BRDA:42,2,1,0
BRF:6
BRH:5
end_of_record
