TN:
SF:app.js
FN:11,(anonymous_0)
FN:36,(anonymous_1)
FNF:2
FNH:0
FNDA:0,(anonymous_0)
FNDA:0,(anonymous_1)
DA:1,1
DA:2,1
DA:3,1
DA:4,1
DA:6,1
DA:7,1
DA:8,1
DA:9,1
DA:11,1
DA:12,0
DA:16,1
DA:17,1
DA:18,1
DA:19,1
DA:20,1
DA:21,1
DA:22,1
DA:23,1
DA:26,1
DA:27,1
DA:28,1
DA:29,1
DA:30,1
DA:31,1
DA:32,1
DA:33,1
DA:35,1
DA:36,1
DA:37,0
DA:40,1
LF:30
LH:28
BRF:0
BRH:0
end_of_record
TN:
SF:connection.js
FN:9,(anonymous_0)
FNF:1
FNH:1
FNDA:1,(anonymous_0)
DA:1,1
DA:2,1
DA:9,1
DA:10,1
DA:11,1
DA:14,1
LF:6
LH:6
BRDA:10,0,0,0
BRDA:10,0,1,1
BRF:2
BRH:1
end_of_record
TN:
SF:database\db.js
FN:3,(anonymous_0)
FN:4,(anonymous_1)
FN:6,(anonymous_2)
FN:16,(anonymous_3)
FN:17,(anonymous_4)
FN:19,(anonymous_5)
FN:25,(anonymous_6)
FN:35,(anonymous_7)
FN:54,(anonymous_8)
FN:67,(anonymous_9)
FN:68,(anonymous_10)
FN:70,(anonymous_11)
FN:80,(anonymous_12)
FN:81,(anonymous_13)
FN:83,(anonymous_14)
FN:93,(anonymous_15)
FN:94,(anonymous_16)
FN:115,(anonymous_17)
FN:126,(anonymous_18)
FN:127,(anonymous_19)
FN:129,(anonymous_20)
FNF:21
FNH:21
FNDA:2,(anonymous_0)
FNDA:2,(anonymous_1)
FNDA:2,(anonymous_2)
FNDA:2,(anonymous_3)
FNDA:2,(anonymous_4)
FNDA:2,(anonymous_5)
FNDA:2,(anonymous_6)
FNDA:1,(anonymous_7)
FNDA:1,(anonymous_8)
FNDA:2,(anonymous_9)
FNDA:2,(anonymous_10)
FNDA:2,(anonymous_11)
FNDA:2,(anonymous_12)
FNDA:2,(anonymous_13)
FNDA:2,(anonymous_14)
FNDA:1,(anonymous_15)
FNDA:1,(anonymous_16)
FNDA:1,(anonymous_17)
FNDA:2,(anonymous_18)
FNDA:2,(anonymous_19)
FNDA:2,(anonymous_20)
DA:1,2
DA:3,2
DA:4,2
DA:5,2
DA:6,2
DA:7,2
DA:8,2
DA:9,2
DA:11,0
DA:16,2
DA:17,2
DA:18,2
DA:19,2
DA:20,2
DA:21,2
DA:25,2
DA:26,2
DA:27,2
DA:30,2
DA:31,2
DA:32,1
DA:35,1
DA:36,1
DA:37,1
DA:40,1
DA:55,1
DA:56,0
DA:58,1
DA:63,1
DA:67,2
DA:68,2
DA:69,2
DA:70,2
DA:71,2
DA:72,0
DA:74,2
DA:80,2
DA:81,2
DA:82,2
DA:83,2
DA:84,2
DA:85,0
DA:87,2
DA:93,2
DA:94,1
DA:95,1
DA:97,1
DA:101,1
DA:116,1
DA:117,0
DA:119,1
DA:126,2
DA:127,2
DA:128,2
DA:129,2
DA:130,2
DA:131,0
DA:133,2
DA:138,2
LF:59
LH:53
BRDA:7,0,0,0
BRDA:7,0,1,2
BRDA:8,1,0,2
BRDA:8,1,1,0
BRDA:20,2,0,0
BRDA:20,2,1,2
BRDA:31,3,0,1
BRDA:31,3,1,1
BRDA:55,4,0,0
BRDA:55,4,1,1
BRDA:71,5,0,0
BRDA:71,5,1,2
BRDA:84,6,0,0
BRDA:84,6,1,2
BRDA:116,7,0,0
BRDA:116,7,1,1
BRDA:130,8,0,0
BRDA:130,8,1,2
BRF:18
BRH:10
end_of_record
TN:
SF:routes\LoginRouter.js
FN:11,(anonymous_0)
FN:21,(anonymous_1)
FNF:2
FNH:2
FNDA:3,(anonymous_0)
FNDA:3,(anonymous_1)
DA:1,2
DA:2,2
DA:5,2
DA:11,2
DA:12,3
DA:15,3
DA:16,1
DA:20,2
DA:21,3
DA:24,2
DA:25,1
DA:29,1
DA:32,2
LF:13
LH:13
BRDA:15,0,0,1
BRDA:15,0,1,2
BRDA:15,1,0,3
BRDA:15,1,1,3
BRDA:21,2,0,3
BRDA:21,2,1,2
BRDA:24,3,0,1
BRDA:24,3,1,1
BRF:8
BRH:8
end_of_record
TN:
SF:routes\ProfileRouter.js
FN:6,(anonymous_0)
FN:59,(anonymous_1)
FN:80,(anonymous_2)
FN:90,(anonymous_3)
FN:103,(anonymous_4)
FN:126,(anonymous_5)
FNF:6
FNH:6
FNDA:3,(anonymous_0)
FNDA:2,(anonymous_1)
FNDA:1,(anonymous_2)
FNDA:1,(anonymous_3)
FNDA:1,(anonymous_4)
FNDA:1,(anonymous_5)
DA:1,1
DA:2,1
DA:3,1
DA:6,1
DA:7,3
DA:9,3
DA:10,2
DA:12,3
DA:13,1
DA:17,3
DA:18,1
DA:22,3
DA:23,1
DA:27,3
DA:28,0
DA:32,3
DA:33,0
DA:37,3
DA:38,1
DA:42,3
DA:43,1
DA:47,3
DA:48,2
DA:52,3
DA:53,2
DA:56,3
DA:59,1
DA:60,2
DA:62,2
DA:63,2
DA:65,2
DA:66,1
DA:69,1
DA:70,1
DA:71,0
DA:73,1
DA:80,1
DA:81,1
DA:82,1
DA:83,1
DA:85,0
DA:90,1
DA:91,1
DA:92,1
DA:93,1
DA:94,1
DA:96,0
DA:98,0
DA:103,1
DA:104,1
DA:107,1
DA:108,1
DA:110,1
DA:111,1
DA:114,0
DA:115,0
DA:116,0
DA:117,0
DA:119,0
DA:121,0
DA:126,1
DA:127,1
DA:128,1
DA:129,1
DA:130,1
DA:132,0
DA:134,0
DA:138,1
LF:68
LH:54
BRDA:9,0,0,2
BRDA:9,0,1,1
BRDA:12,1,0,1
BRDA:12,1,1,2
BRDA:12,2,0,3
BRDA:12,2,1,2
BRDA:17,3,0,1
BRDA:17,3,1,2
BRDA:17,4,0,3
BRDA:17,4,1,2
BRDA:22,5,0,1
BRDA:22,5,1,2
BRDA:22,6,0,3
BRDA:22,6,1,2
BRDA:27,7,0,0
BRDA:27,7,1,3
BRDA:27,8,0,3
BRDA:27,8,1,1
BRDA:32,9,0,0
BRDA:32,9,1,3
BRDA:32,10,0,3
BRDA:32,10,1,3
BRDA:37,11,0,1
BRDA:37,11,1,2
BRDA:37,12,0,3
BRDA:37,12,1,2
BRDA:42,13,0,1
BRDA:42,13,1,2
BRDA:42,14,0,3
BRDA:42,14,1,2
BRDA:42,14,2,2
BRDA:47,15,0,2
BRDA:47,15,1,1
BRDA:47,16,0,3
BRDA:47,16,1,2
BRDA:52,17,0,2
BRDA:52,17,1,1
BRDA:52,18,0,3
BRDA:52,18,1,2
BRDA:65,19,0,1
BRDA:65,19,1,1
BRDA:93,20,0,1
BRDA:93,20,1,0
BRDA:110,21,0,1
BRDA:110,21,1,0
BRDA:116,22,0,0
BRDA:116,22,1,0
BRDA:129,23,0,1
BRDA:129,23,1,0
BRF:49
BRH:42
end_of_record
TN:
SF:routes\RegisterRouter.js
FN:8,(anonymous_0)
FN:41,(anonymous_1)
FN:54,(anonymous_2)
FN:68,(anonymous_3)
FNF:4
FNH:4
FNDA:9,(anonymous_0)
FNDA:9,(anonymous_1)
FNDA:5,(anonymous_2)
FNDA:1,(anonymous_3)
DA:1,2
DA:2,2
DA:5,2
DA:8,2
DA:9,9
DA:12,9
DA:17,2
DA:23,9
DA:24,1
DA:30,9
DA:31,9
DA:32,1
DA:33,8
DA:34,1
DA:37,9
DA:41,2
DA:42,9
DA:45,9
DA:46,9
DA:49,9
DA:50,5
DA:54,5
DA:55,4
DA:56,1
DA:60,3
DA:61,3
DA:68,2
DA:69,1
DA:72,2
LF:29
LH:29
BRDA:12,0,0,2
BRDA:12,0,1,7
BRDA:13,1,0,9
BRDA:13,1,1,9
BRDA:13,1,2,8
BRDA:23,2,0,1
BRDA:23,2,1,8
BRDA:23,3,0,9
BRDA:23,3,1,8
BRDA:31,4,0,1
BRDA:31,4,1,8
BRDA:33,5,0,1
BRDA:33,5,1,7
BRDA:49,6,0,5
BRDA:49,6,1,4
BRDA:55,7,0,1
BRDA:55,7,1,3
BRF:17
BRH:17
end_of_record
TN:
SF:routes\eventHRouter.js
FN:25,(anonymous_0)
FN:30,(anonymous_1)
FNF:2
FNH:2
FNDA:1,(anonymous_0)
FNDA:4,(anonymous_1)
DA:1,2
DA:2,2
DA:5,2
DA:25,2
DA:26,1
DA:30,2
DA:31,4
DA:34,4
DA:35,1
DA:37,3
DA:38,1
DA:40,2
DA:41,1
DA:45,1
DA:46,1
DA:49,2
LF:16
LH:16
BRDA:34,0,0,1
BRDA:34,0,1,3
BRDA:34,1,0,4
BRDA:34,1,1,3
BRDA:34,1,2,3
BRDA:34,1,3,3
BRDA:34,1,4,3
BRDA:34,1,5,3
BRDA:37,2,0,1
BRDA:37,2,1,2
BRDA:40,3,0,1
BRDA:40,3,1,1
BRDA:40,4,0,2
BRDA:40,4,1,1
BRF:14
BRH:14
end_of_record
TN:
SF:routes\eventRouter.js
FN:7,(anonymous_0)
FN:44,(anonymous_1)
FN:62,(anonymous_2)
FN:67,(anonymous_3)
FN:68,(anonymous_4)
FN:78,(anonymous_5)
FN:79,(anonymous_6)
FN:105,(anonymous_7)
FN:106,(anonymous_8)
FNF:9
FNH:4
FNDA:6,(anonymous_0)
FNDA:6,(anonymous_1)
FNDA:1,(anonymous_2)
FNDA:1,(anonymous_3)
FNDA:0,(anonymous_4)
FNDA:0,(anonymous_5)
FNDA:0,(anonymous_6)
FNDA:0,(anonymous_7)
FNDA:0,(anonymous_8)
DA:1,2
DA:2,2
DA:4,2
DA:7,2
DA:8,6
DA:11,6
DA:12,6
DA:16,6
DA:17,1
DA:21,6
DA:22,1
DA:26,6
DA:27,6
DA:31,6
DA:32,1
DA:36,6
DA:37,6
DA:40,6
DA:44,2
DA:45,6
DA:48,6
DA:49,6
DA:51,6
DA:52,6
DA:55,0
DA:56,0
DA:58,0
DA:62,2
DA:63,1
DA:67,2
DA:68,1
DA:70,1
DA:71,1
DA:74,0
DA:78,2
DA:79,0
DA:81,0
DA:82,0
DA:85,0
DA:88,0
DA:89,0
DA:90,0
DA:91,0
DA:92,0
DA:93,0
DA:96,0
DA:97,0
DA:98,0
DA:101,0
DA:105,2
DA:106,0
DA:108,0
DA:109,0
DA:112,0
DA:113,0
DA:116,2
LF:56
LH:33
BRDA:11,0,0,6
BRDA:11,0,1,0
BRDA:11,1,0,6
BRDA:11,1,1,0
BRDA:16,2,0,1
BRDA:16,2,1,5
BRDA:21,3,0,1
BRDA:21,3,1,5
BRDA:26,4,0,6
BRDA:26,4,1,0
BRDA:26,5,0,6
BRDA:26,5,1,0
BRDA:31,6,0,1
BRDA:31,6,1,5
BRDA:36,7,0,6
BRDA:36,7,1,0
BRDA:51,8,0,6
BRDA:51,8,1,0
BRDA:70,9,0,1
BRDA:70,9,1,0
BRDA:81,10,0,0
BRDA:81,10,1,0
BRDA:88,11,0,0
BRDA:88,11,1,0
BRDA:89,12,0,0
BRDA:89,12,1,0
BRDA:90,13,0,0
BRDA:90,13,1,0
BRDA:91,14,0,0
BRDA:91,14,1,0
BRDA:92,15,0,0
BRDA:92,15,1,0
BRDA:93,16,0,0
BRDA:93,16,1,0
BRDA:97,17,0,0
BRDA:97,17,1,0
BRDA:108,18,0,0
BRDA:108,18,1,0
BRF:38
BRH:13
end_of_record
TN:
SF:routes\historyRouter.js
FN:35,(anonymous_0)
FN:43,(anonymous_1)
FNF:2
FNH:2
FNDA:1,(anonymous_0)
FNDA:4,(anonymous_1)
DA:1,2
DA:2,2
DA:5,2
DA:35,2
DA:36,1
DA:37,1
DA:38,1
DA:39,1
DA:43,2
DA:44,4
DA:47,4
DA:48,1
DA:51,3
DA:53,3
DA:56,2
LF:15
LH:15
BRDA:47,0,0,1
BRDA:47,0,1,3
BRDA:47,1,0,4
BRDA:47,1,1,3
BRDA:51,2,0,3
BRDA:51,2,1,1
BRF:6
BRH:6
end_of_record
TN:
SF:routes\homeRouter.js
FN:5,(anonymous_0)
FN:10,(anonymous_1)
FNF:2
FNH:2
FNDA:1,(anonymous_0)
FNDA:1,(anonymous_1)
DA:1,2
DA:2,2
DA:5,2
DA:6,1
DA:10,2
DA:11,1
DA:14,2
LF:7
LH:7
BRF:0
BRH:0
end_of_record
TN:
SF:routes\matchRouter.js
FN:23,(anonymous_0)
FN:25,(anonymous_1)
FN:27,(anonymous_2)
FN:33,(anonymous_3)
FN:35,(anonymous_4)
FN:41,(anonymous_5)
FN:42,(anonymous_6)
FN:50,(anonymous_7)
FN:55,(anonymous_8)
FNF:9
FNH:7
FNDA:2,(anonymous_0)
FNDA:10,(anonymous_1)
FNDA:0,(anonymous_2)
FNDA:3,(anonymous_3)
FNDA:13,(anonymous_4)
FNDA:3,(anonymous_5)
FNDA:3,(anonymous_6)
FNDA:0,(anonymous_7)
FNDA:2,(anonymous_8)
DA:1,2
DA:2,2
DA:5,2
DA:13,2
DA:20,2
DA:23,2
DA:24,2
DA:25,2
DA:26,10
DA:27,0
DA:29,2
DA:33,2
DA:34,3
DA:35,13
DA:37,3
DA:38,2
DA:41,1
DA:42,3
DA:46,1
DA:50,2
DA:51,0
DA:55,2
DA:56,2
DA:57,2
DA:58,2
DA:61,2
LF:26
LH:24
BRDA:26,0,0,10
BRDA:26,0,1,2
BRDA:37,1,0,2
BRDA:37,1,1,1
BRDA:42,2,0,3
BRDA:42,2,1,0
BRF:6
BRH:5
end_of_record
